{"/home/travis/build/npmtest/node-npmtest-json-diff/test.js":{"path":"/home/travis/build/npmtest/node-npmtest-json-diff/test.js","s":{"1":2,"2":2,"3":2,"4":2,"5":2,"6":2,"7":2,"8":1,"9":2,"10":2,"11":1,"12":1,"13":1,"14":1,"15":2,"16":2,"17":2,"18":2,"19":1,"20":1,"21":2,"22":2,"23":2,"24":1,"25":1,"26":1,"27":1,"28":1,"29":1,"30":1,"31":1,"32":1,"33":1,"34":1,"35":1,"36":1,"37":1,"38":1,"39":2,"40":2,"41":1,"42":2,"43":2,"44":1,"45":2,"46":2,"47":1,"48":2,"49":2,"50":1,"51":1,"52":1,"53":1,"54":1},"b":{"1":[2,1,1,1],"2":[1,1,1,1],"3":[1,1],"4":[1,1],"5":[1,1],"6":[1,1],"7":[1,1],"8":[1,1],"9":[1,1],"10":[1,1,1],"11":[1,1],"12":[1,1],"13":[1,1],"14":[1,1],"15":[1,1],"16":[1,1],"17":[1,1]},"f":{"1":2,"2":2,"3":2,"4":2,"5":2,"6":1,"7":1,"8":1,"9":2,"10":2,"11":2,"12":2,"13":1},"fnMap":{"1":{"name":"(anonymous_1)","line":12,"loc":{"start":{"line":12,"column":1},"end":{"line":12,"column":13}}},"2":{"name":"(anonymous_2)","line":19,"loc":{"start":{"line":19,"column":5},"end":{"line":19,"column":17}}},"3":{"name":"(anonymous_3)","line":23,"loc":{"start":{"line":23,"column":24},"end":{"line":23,"column":36}}},"4":{"name":"(anonymous_4)","line":61,"loc":{"start":{"line":61,"column":5},"end":{"line":61,"column":17}}},"5":{"name":"(anonymous_5)","line":82,"loc":{"start":{"line":82,"column":5},"end":{"line":82,"column":17}}},"6":{"name":"(anonymous_6)","line":91,"loc":{"start":{"line":91,"column":77},"end":{"line":94,"column":10}}},"7":{"name":"(anonymous_7)","line":112,"loc":{"start":{"line":112,"column":83},"end":{"line":115,"column":10}},"skip":true},"8":{"name":"(anonymous_8)","line":123,"loc":{"start":{"line":123,"column":77},"end":{"line":126,"column":10}},"skip":true},"9":{"name":"(anonymous_9)","line":139,"loc":{"start":{"line":139,"column":12},"end":{"line":139,"column":40}},"skip":true},"10":{"name":"(anonymous_10)","line":147,"loc":{"start":{"line":147,"column":77},"end":{"line":150,"column":10}},"skip":true},"11":{"name":"(anonymous_11)","line":158,"loc":{"start":{"line":158,"column":83},"end":{"line":161,"column":10}},"skip":true},"12":{"name":"(anonymous_12)","line":169,"loc":{"start":{"line":169,"column":79},"end":{"line":172,"column":10}},"skip":true},"13":{"name":"(anonymous_13)","line":180,"loc":{"start":{"line":180,"column":75},"end":{"line":183,"column":10}},"skip":true}},"statementMap":{"1":{"start":{"line":12,"column":0},"end":{"line":195,"column":5}},"2":{"start":{"line":14,"column":4},"end":{"line":14,"column":14}},"3":{"start":{"line":19,"column":4},"end":{"line":56,"column":9}},"4":{"start":{"line":21,"column":8},"end":{"line":21,"column":19}},"5":{"start":{"line":23,"column":8},"end":{"line":35,"column":13}},"6":{"start":{"line":24,"column":12},"end":{"line":34,"column":13}},"7":{"start":{"line":25,"column":16},"end":{"line":28,"column":30}},"8":{"start":{"line":30,"column":16},"end":{"line":33,"column":27}},"9":{"start":{"line":37,"column":8},"end":{"line":39,"column":21}},"10":{"start":{"line":40,"column":8},"end":{"line":53,"column":9}},"11":{"start":{"line":43,"column":12},"end":{"line":46,"column":14}},"12":{"start":{"line":47,"column":12},"end":{"line":47,"column":18}},"13":{"start":{"line":50,"column":12},"end":{"line":51,"column":46}},"14":{"start":{"line":52,"column":12},"end":{"line":52,"column":18}},"15":{"start":{"line":55,"column":8},"end":{"line":55,"column":35}},"16":{"start":{"line":61,"column":4},"end":{"line":63,"column":9}},"17":{"start":{"line":62,"column":8},"end":{"line":62,"column":15}},"18":{"start":{"line":64,"column":4},"end":{"line":77,"column":5}},"19":{"start":{"line":70,"column":8},"end":{"line":70,"column":14}},"20":{"start":{"line":76,"column":8},"end":{"line":76,"column":14}},"21":{"start":{"line":82,"column":4},"end":{"line":84,"column":9}},"22":{"start":{"line":83,"column":8},"end":{"line":83,"column":15}},"23":{"start":{"line":85,"column":4},"end":{"line":194,"column":5}},"24":{"start":{"line":91,"column":8},"end":{"line":99,"column":10}},"25":{"start":{"line":98,"column":12},"end":{"line":98,"column":35}},"26":{"start":{"line":102,"column":8},"end":{"line":104,"column":63}},"27":{"start":{"line":105,"column":8},"end":{"line":105,"column":14}},"28":{"start":{"line":112,"column":8},"end":{"line":121,"column":10},"skip":true},"29":{"start":{"line":119,"column":12},"end":{"line":119,"column":55},"skip":true},"30":{"start":{"line":120,"column":12},"end":{"line":120,"column":48},"skip":true},"31":{"start":{"line":123,"column":8},"end":{"line":136,"column":10},"skip":true},"32":{"start":{"line":130,"column":12},"end":{"line":130,"column":76},"skip":true},"33":{"start":{"line":131,"column":12},"end":{"line":131,"column":73},"skip":true},"34":{"start":{"line":132,"column":12},"end":{"line":132,"column":74},"skip":true},"35":{"start":{"line":133,"column":12},"end":{"line":133,"column":79},"skip":true},"36":{"start":{"line":134,"column":12},"end":{"line":134,"column":25},"skip":true},"37":{"start":{"line":135,"column":12},"end":{"line":135,"column":45},"skip":true},"38":{"start":{"line":138,"column":8},"end":{"line":145,"column":14},"skip":true},"39":{"start":{"line":143,"column":16},"end":{"line":143,"column":29},"skip":true},"40":{"start":{"line":144,"column":16},"end":{"line":144,"column":55},"skip":true},"41":{"start":{"line":147,"column":8},"end":{"line":156,"column":10},"skip":true},"42":{"start":{"line":154,"column":12},"end":{"line":154,"column":25},"skip":true},"43":{"start":{"line":155,"column":12},"end":{"line":155,"column":45},"skip":true},"44":{"start":{"line":158,"column":8},"end":{"line":167,"column":10},"skip":true},"45":{"start":{"line":165,"column":12},"end":{"line":165,"column":25},"skip":true},"46":{"start":{"line":166,"column":12},"end":{"line":166,"column":48},"skip":true},"47":{"start":{"line":169,"column":8},"end":{"line":178,"column":10},"skip":true},"48":{"start":{"line":176,"column":12},"end":{"line":176,"column":25},"skip":true},"49":{"start":{"line":177,"column":12},"end":{"line":177,"column":46},"skip":true},"50":{"start":{"line":180,"column":8},"end":{"line":189,"column":10},"skip":true},"51":{"start":{"line":187,"column":12},"end":{"line":187,"column":94},"skip":true},"52":{"start":{"line":188,"column":12},"end":{"line":188,"column":48},"skip":true},"53":{"start":{"line":192,"column":8},"end":{"line":192,"column":35},"skip":true},"54":{"start":{"line":193,"column":8},"end":{"line":193,"column":14},"skip":true}},"branchMap":{"1":{"line":25,"type":"binary-expr","locations":[{"start":{"line":25,"column":23},"end":{"line":25,"column":62}},{"start":{"line":26,"column":20},"end":{"line":26,"column":70}},{"start":{"line":27,"column":20},"end":{"line":27,"column":71}},{"start":{"line":28,"column":20},"end":{"line":28,"column":29}}]},"2":{"line":30,"type":"binary-expr","locations":[{"start":{"line":30,"column":23},"end":{"line":30,"column":37}},{"start":{"line":31,"column":20},"end":{"line":31,"column":61}},{"start":{"line":32,"column":20},"end":{"line":32,"column":70}},{"start":{"line":33,"column":20},"end":{"line":33,"column":26}}]},"3":{"line":37,"type":"cond-expr","locations":[{"start":{"line":38,"column":14},"end":{"line":38,"column":20}},{"start":{"line":39,"column":14},"end":{"line":39,"column":20}}]},"4":{"line":40,"type":"switch","locations":[{"start":{"line":42,"column":8},"end":{"line":47,"column":18}},{"start":{"line":49,"column":8},"end":{"line":52,"column":18}}]},"5":{"line":44,"type":"binary-expr","locations":[{"start":{"line":44,"column":16},"end":{"line":44,"column":44}},{"start":{"line":44,"column":48},"end":{"line":44,"column":66}}]},"6":{"line":50,"type":"binary-expr","locations":[{"start":{"line":50,"column":21},"end":{"line":50,"column":49}},{"start":{"line":50,"column":53},"end":{"line":50,"column":72}}]},"7":{"line":64,"type":"switch","locations":[{"start":{"line":69,"column":4},"end":{"line":70,"column":14}},{"start":{"line":75,"column":4},"end":{"line":76,"column":14}}]},"8":{"line":85,"type":"switch","locations":[{"start":{"line":90,"column":4},"end":{"line":105,"column":14}},{"start":{"line":111,"column":4},"end":{"line":193,"column":14},"skip":true}]},"9":{"line":91,"type":"binary-expr","locations":[{"start":{"line":91,"column":42},"end":{"line":91,"column":73}},{"start":{"line":91,"column":77},"end":{"line":99,"column":9}}]},"10":{"line":102,"type":"binary-expr","locations":[{"start":{"line":102,"column":18},"end":{"line":102,"column":32}},{"start":{"line":103,"column":12},"end":{"line":103,"column":53}},{"start":{"line":104,"column":12},"end":{"line":104,"column":61}}]},"11":{"line":112,"type":"binary-expr","locations":[{"start":{"line":112,"column":45},"end":{"line":112,"column":79},"skip":true},{"start":{"line":112,"column":83},"end":{"line":121,"column":9},"skip":true}]},"12":{"line":123,"type":"binary-expr","locations":[{"start":{"line":123,"column":42},"end":{"line":123,"column":73},"skip":true},{"start":{"line":123,"column":77},"end":{"line":136,"column":9},"skip":true}]},"13":{"line":138,"type":"binary-expr","locations":[{"start":{"line":138,"column":48},"end":{"line":138,"column":85},"skip":true},{"start":{"line":139,"column":12},"end":{"line":145,"column":13},"skip":true}]},"14":{"line":147,"type":"binary-expr","locations":[{"start":{"line":147,"column":42},"end":{"line":147,"column":73},"skip":true},{"start":{"line":147,"column":77},"end":{"line":156,"column":9},"skip":true}]},"15":{"line":158,"type":"binary-expr","locations":[{"start":{"line":158,"column":45},"end":{"line":158,"column":79},"skip":true},{"start":{"line":158,"column":83},"end":{"line":167,"column":9},"skip":true}]},"16":{"line":169,"type":"binary-expr","locations":[{"start":{"line":169,"column":43},"end":{"line":169,"column":75},"skip":true},{"start":{"line":169,"column":79},"end":{"line":178,"column":9},"skip":true}]},"17":{"line":180,"type":"binary-expr","locations":[{"start":{"line":180,"column":41},"end":{"line":180,"column":71},"skip":true},{"start":{"line":180,"column":75},"end":{"line":189,"column":9},"skip":true}]}},"code":["/* istanbul instrument in package npmtest_json_diff */","/*jslint","    bitwise: true,","    browser: true,","    maxerr: 8,","    maxlen: 96,","    node: true,","    nomen: true,","    regexp: true,","    stupid: true","*/","(function () {","    'use strict';","    var local;","","","","    // run shared js-env code - pre-init","    (function () {","        // init local","        local = {};","        // init modeJs","        local.modeJs = (function () {","            try {","                return typeof navigator.userAgent === 'string' &&","                    typeof document.querySelector('body') === 'object' &&","                    typeof XMLHttpRequest.prototype.open === 'function' &&","                    'browser';","            } catch (errorCaughtBrowser) {","                return module.exports &&","                    typeof process.versions.node === 'string' &&","                    typeof require('http').createServer === 'function' &&","                    'node';","            }","        }());","        // init global","        local.global = local.modeJs === 'browser'","            ? window","            : global;","        switch (local.modeJs) {","        // re-init local from window.local","        case 'browser':","            local = local.global.utility2.objectSetDefault(","                local.global.utility2_rollup || local.global.local,","                local.global.utility2","            );","            break;","        // re-init local from example.js","        case 'node':","            local = (local.global.utility2_rollup || require('utility2'))","                .requireExampleJsFromReadme();","            break;","        }","        // export local","        local.global.local = local;","    }());","","","","    // run shared js-env code - function","    (function () {","        return;","    }());","    switch (local.modeJs) {","","","","    // run browser js-env code - function","    case 'browser':","        break;","","","","    // run node js-env code - function","    case 'node':","        break;","    }","","","","    // run shared js-env code - post-init","    (function () {","        return;","    }());","    switch (local.modeJs) {","","","","    // run browser js-env code - post-init","    case 'browser':","        local.testCase_browser_nullCase = local.testCase_browser_nullCase || function (","            options,","            onError","        ) {","        /*","         * this function will test browsers's null-case handling-behavior-behavior","         */","            onError(null, options);","        };","","        // run tests","        local.nop(local.modeTest &&","            document.querySelector('#testRunButton1') &&","            document.querySelector('#testRunButton1').click());","        break;","","","","    // run node js-env code - post-init","    /* istanbul ignore next */","    case 'node':","        local.testCase_buildApidoc_default = local.testCase_buildApidoc_default || function (","            options,","            onError","        ) {","        /*","         * this function will test buildApidoc's default handling-behavior-behavior","         */","            options = { modulePathList: module.paths };","            local.buildApidoc(options, onError);","        };","","        local.testCase_buildApp_default = local.testCase_buildApp_default || function (","            options,","            onError","        ) {","        /*","         * this function will test buildApp's default handling-behavior-behavior","         */","            local.testCase_buildReadme_default(options, local.onErrorThrow);","            local.testCase_buildLib_default(options, local.onErrorThrow);","            local.testCase_buildTest_default(options, local.onErrorThrow);","            local.testCase_buildCustomOrg_default(options, local.onErrorThrow);","            options = [];","            local.buildApp(options, onError);","        };","","        local.testCase_buildCustomOrg_default = local.testCase_buildCustomOrg_default ||","            function (options, onError) {","            /*","             * this function will test buildCustomOrg's default handling-behavior","             */","                options = {};","                local.buildCustomOrg(options, onError);","            };","","        local.testCase_buildLib_default = local.testCase_buildLib_default || function (","            options,","            onError","        ) {","        /*","         * this function will test buildLib's default handling-behavior","         */","            options = {};","            local.buildLib(options, onError);","        };","","        local.testCase_buildReadme_default = local.testCase_buildReadme_default || function (","            options,","            onError","        ) {","        /*","         * this function will test buildReadme's default handling-behavior-behavior","         */","            options = {};","            local.buildReadme(options, onError);","        };","","        local.testCase_buildTest_default = local.testCase_buildTest_default || function (","            options,","            onError","        ) {","        /*","         * this function will test buildTest's default handling-behavior","         */","            options = {};","            local.buildTest(options, onError);","        };","","        local.testCase_webpage_default = local.testCase_webpage_default || function (","            options,","            onError","        ) {","        /*","         * this function will test webpage's default handling-behavior","         */","            options = { modeCoverageMerge: true, url: local.serverLocalHost + '?modeTest=1' };","            local.browserTest(options, onError);","        };","","        // run test-server","        local.testRunServer(local);","        break;","    }","}());",""],"l":{"12":2,"14":2,"19":2,"21":2,"23":2,"24":2,"25":2,"30":1,"37":2,"40":2,"43":1,"47":1,"50":1,"52":1,"55":2,"61":2,"62":2,"64":2,"70":1,"76":1,"82":2,"83":2,"85":2,"91":1,"98":1,"102":1,"105":1,"112":1,"119":1,"120":1,"123":1,"130":1,"131":1,"132":1,"133":1,"134":1,"135":1,"138":1,"143":2,"144":2,"147":1,"154":2,"155":2,"158":1,"165":2,"166":2,"169":1,"176":2,"177":2,"180":1,"187":1,"188":1,"192":1,"193":1}},"/home/travis/build/npmtest/node-npmtest-json-diff/lib.npmtest_json_diff.js":{"path":"/home/travis/build/npmtest/node-npmtest-json-diff/lib.npmtest_json_diff.js","s":{"1":2,"2":2,"3":2,"4":2,"5":2,"6":2,"7":2,"8":1,"9":2,"10":2,"11":2,"12":2,"13":1,"14":1,"15":1,"16":1},"b":{"1":[2,1,1,1],"2":[1,1,1,1],"3":[1,1],"4":[2,2],"5":[1,1]},"f":{"1":2,"2":2,"3":2},"fnMap":{"1":{"name":"(anonymous_1)","line":12,"loc":{"start":{"line":12,"column":1},"end":{"line":12,"column":13}}},"2":{"name":"(anonymous_2)","line":19,"loc":{"start":{"line":19,"column":5},"end":{"line":19,"column":17}}},"3":{"name":"(anonymous_3)","line":23,"loc":{"start":{"line":23,"column":24},"end":{"line":23,"column":36}}}},"statementMap":{"1":{"start":{"line":12,"column":0},"end":{"line":53,"column":5}},"2":{"start":{"line":14,"column":4},"end":{"line":14,"column":14}},"3":{"start":{"line":19,"column":4},"end":{"line":52,"column":9}},"4":{"start":{"line":21,"column":8},"end":{"line":21,"column":19}},"5":{"start":{"line":23,"column":8},"end":{"line":35,"column":13}},"6":{"start":{"line":24,"column":12},"end":{"line":34,"column":13}},"7":{"start":{"line":25,"column":16},"end":{"line":28,"column":30}},"8":{"start":{"line":30,"column":16},"end":{"line":33,"column":27}},"9":{"start":{"line":37,"column":8},"end":{"line":39,"column":21}},"10":{"start":{"line":41,"column":8},"end":{"line":41,"column":54}},"11":{"start":{"line":43,"column":8},"end":{"line":43,"column":54}},"12":{"start":{"line":45,"column":8},"end":{"line":51,"column":9}},"13":{"start":{"line":46,"column":12},"end":{"line":46,"column":60}},"14":{"start":{"line":48,"column":12},"end":{"line":48,"column":35}},"15":{"start":{"line":49,"column":12},"end":{"line":49,"column":49}},"16":{"start":{"line":50,"column":12},"end":{"line":50,"column":43}}},"branchMap":{"1":{"line":25,"type":"binary-expr","locations":[{"start":{"line":25,"column":23},"end":{"line":25,"column":62}},{"start":{"line":26,"column":20},"end":{"line":26,"column":70}},{"start":{"line":27,"column":20},"end":{"line":27,"column":71}},{"start":{"line":28,"column":20},"end":{"line":28,"column":29}}]},"2":{"line":30,"type":"binary-expr","locations":[{"start":{"line":30,"column":23},"end":{"line":30,"column":37}},{"start":{"line":31,"column":20},"end":{"line":31,"column":61}},{"start":{"line":32,"column":20},"end":{"line":32,"column":70}},{"start":{"line":33,"column":20},"end":{"line":33,"column":26}}]},"3":{"line":37,"type":"cond-expr","locations":[{"start":{"line":38,"column":14},"end":{"line":38,"column":20}},{"start":{"line":39,"column":14},"end":{"line":39,"column":20}}]},"4":{"line":41,"type":"binary-expr","locations":[{"start":{"line":41,"column":16},"end":{"line":41,"column":44}},{"start":{"line":41,"column":48},"end":{"line":41,"column":53}}]},"5":{"line":45,"type":"if","locations":[{"start":{"line":45,"column":8},"end":{"line":45,"column":8}},{"start":{"line":45,"column":8},"end":{"line":45,"column":8}}]}},"code":["/* istanbul instrument in package npmtest_json_diff */","/*jslint","    bitwise: true,","    browser: true,","    maxerr: 8,","    maxlen: 96,","    node: true,","    nomen: true,","    regexp: true,","    stupid: true","*/","(function () {","    'use strict';","    var local;","","","","    // run shared js-env code - pre-init","    (function () {","        // init local","        local = {};","        // init modeJs","        local.modeJs = (function () {","            try {","                return typeof navigator.userAgent === 'string' &&","                    typeof document.querySelector('body') === 'object' &&","                    typeof XMLHttpRequest.prototype.open === 'function' &&","                    'browser';","            } catch (errorCaughtBrowser) {","                return module.exports &&","                    typeof process.versions.node === 'string' &&","                    typeof require('http').createServer === 'function' &&","                    'node';","            }","        }());","        // init global","        local.global = local.modeJs === 'browser'","            ? window","            : global;","        // init utility2_rollup","        local = local.global.utility2_rollup || local;","        // init lib","        local.local = local.npmtest_json_diff = local;","        // init exports","        if (local.modeJs === 'browser') {","            local.global.utility2_npmtest_json_diff = local;","        } else {","            module.exports = local;","            module.exports.__dirname = __dirname;","            module.exports.module = module;","        }","    }());","}());",""],"l":{"12":2,"14":2,"19":2,"21":2,"23":2,"24":2,"25":2,"30":1,"37":2,"41":2,"43":2,"45":2,"46":1,"48":1,"49":1,"50":1}},"/home/travis/build/npmtest/node-npmtest-json-diff/example.js":{"path":"/home/travis/build/npmtest/node-npmtest-json-diff/example.js","s":{"1":2,"2":2,"3":2,"4":2,"5":2,"6":2,"7":2,"8":1,"9":2,"10":2,"11":2,"12":2,"13":1,"14":2,"15":2,"16":2,"17":2,"18":2,"19":0,"20":2,"21":1,"22":1,"23":1,"24":1,"25":1,"26":0,"27":0,"28":1,"29":1,"30":2,"31":0,"32":0,"33":0,"34":1,"35":2,"36":2,"37":3,"38":3,"39":3,"40":3,"41":0,"42":3,"43":3,"44":3,"45":1,"46":3,"47":1,"48":1,"49":1,"50":1,"51":1,"52":1,"53":1,"54":1,"55":1,"56":1,"57":0,"58":1,"59":6,"60":6,"61":1,"62":2,"63":0,"64":2,"65":1,"66":1,"67":0,"68":0,"69":0,"70":0,"71":0,"72":0,"73":0,"74":0,"75":0,"76":0,"77":0,"78":0,"79":0,"80":0,"81":0,"82":0,"83":0},"b":{"1":[2,1,1,1],"2":[1,1,1,1],"3":[1,1],"4":[2,2],"5":[1,1],"6":[1,1],"7":[2,0],"8":[2,1,1,1,1,1],"9":[0,2,0],"10":[1,1],"11":[2,1,1],"12":[1,0],"13":[0,2],"14":[2,0,0,0,0,0,0],"15":[0,3],"16":[3,0],"17":[1,1],"18":[0,1],"19":[1,2,0,2],"20":[1,0],"21":[1,1],"22":[0,0],"23":[0,0],"24":[0,0],"25":[0,0],"26":[0,0],"27":[0,0],"28":[0,0]},"f":{"1":2,"2":2,"3":2,"4":2,"5":2,"6":2,"7":3,"8":3,"9":3,"10":1,"11":6,"12":0},"fnMap":{"1":{"name":"(anonymous_1)","line":26,"loc":{"start":{"line":26,"column":1},"end":{"line":26,"column":13}}},"2":{"name":"(anonymous_2)","line":33,"loc":{"start":{"line":33,"column":5},"end":{"line":33,"column":17}}},"3":{"name":"(anonymous_3)","line":37,"loc":{"start":{"line":37,"column":24},"end":{"line":37,"column":36}}},"4":{"name":"(anonymous_4)","line":69,"loc":{"start":{"line":69,"column":31},"end":{"line":69,"column":48}},"skip":true},"5":{"name":"(anonymous_5)","line":78,"loc":{"start":{"line":78,"column":26},"end":{"line":78,"column":45}},"skip":true},"6":{"name":"(anonymous_6)","line":123,"loc":{"start":{"line":123,"column":33},"end":{"line":123,"column":48}},"skip":true},"7":{"name":"(anonymous_7)","line":125,"loc":{"start":{"line":125,"column":27},"end":{"line":125,"column":39}},"skip":true},"8":{"name":"(anonymous_8)","line":133,"loc":{"start":{"line":133,"column":59},"end":{"line":133,"column":74}},"skip":true},"9":{"name":"(anonymous_9)","line":143,"loc":{"start":{"line":143,"column":45},"end":{"line":143,"column":62}},"skip":true},"10":{"name":"(anonymous_10)","line":144,"loc":{"start":{"line":144,"column":73},"end":{"line":144,"column":92}},"skip":true},"11":{"name":"(anonymous_11)","line":272,"loc":{"start":{"line":272,"column":51},"end":{"line":272,"column":77}},"skip":true},"12":{"name":"(anonymous_12)","line":315,"loc":{"start":{"line":315,"column":32},"end":{"line":315,"column":61}},"skip":true}},"statementMap":{"1":{"start":{"line":26,"column":0},"end":{"line":326,"column":5}},"2":{"start":{"line":28,"column":4},"end":{"line":28,"column":14}},"3":{"start":{"line":33,"column":4},"end":{"line":60,"column":9}},"4":{"start":{"line":35,"column":8},"end":{"line":35,"column":19}},"5":{"start":{"line":37,"column":8},"end":{"line":49,"column":13}},"6":{"start":{"line":38,"column":12},"end":{"line":48,"column":13}},"7":{"start":{"line":39,"column":16},"end":{"line":42,"column":30}},"8":{"start":{"line":44,"column":16},"end":{"line":47,"column":27}},"9":{"start":{"line":51,"column":8},"end":{"line":53,"column":21}},"10":{"start":{"line":55,"column":8},"end":{"line":57,"column":45}},"11":{"start":{"line":59,"column":8},"end":{"line":59,"column":35}},"12":{"start":{"line":61,"column":4},"end":{"line":325,"column":5}},"13":{"start":{"line":69,"column":8},"end":{"line":121,"column":10},"skip":true},"14":{"start":{"line":70,"column":12},"end":{"line":88,"column":13},"skip":true},"15":{"start":{"line":76,"column":16},"end":{"line":87,"column":19},"skip":true},"16":{"start":{"line":79,"column":20},"end":{"line":86,"column":21},"skip":true},"17":{"start":{"line":82,"column":24},"end":{"line":82,"column":43},"skip":true},"18":{"start":{"line":83,"column":24},"end":{"line":83,"column":30},"skip":true},"19":{"start":{"line":85,"column":24},"end":{"line":85,"column":49},"skip":true},"20":{"start":{"line":89,"column":12},"end":{"line":107,"column":13},"skip":true},"21":{"start":{"line":92,"column":16},"end":{"line":102,"column":17},"skip":true},"22":{"start":{"line":93,"column":20},"end":{"line":93,"column":86},"skip":true},"23":{"start":{"line":94,"column":20},"end":{"line":95,"column":45},"skip":true},"24":{"start":{"line":96,"column":20},"end":{"line":96,"column":42},"skip":true},"25":{"start":{"line":97,"column":20},"end":{"line":97,"column":48},"skip":true},"26":{"start":{"line":100,"column":20},"end":{"line":100,"column":85},"skip":true},"27":{"start":{"line":101,"column":20},"end":{"line":101,"column":96},"skip":true},"28":{"start":{"line":103,"column":16},"end":{"line":103,"column":22},"skip":true},"29":{"start":{"line":106,"column":16},"end":{"line":106,"column":22},"skip":true},"30":{"start":{"line":108,"column":12},"end":{"line":120,"column":13},"skip":true},"31":{"start":{"line":114,"column":16},"end":{"line":119,"column":17},"skip":true},"32":{"start":{"line":116,"column":20},"end":{"line":116,"column":78},"skip":true},"33":{"start":{"line":118,"column":20},"end":{"line":118,"column":47},"skip":true},"34":{"start":{"line":123,"column":8},"end":{"line":141,"column":11},"skip":true},"35":{"start":{"line":124,"column":12},"end":{"line":124,"column":54},"skip":true},"36":{"start":{"line":125,"column":12},"end":{"line":140,"column":14},"skip":true},"37":{"start":{"line":126,"column":16},"end":{"line":126,"column":28},"skip":true},"38":{"start":{"line":127,"column":16},"end":{"line":127,"column":69},"skip":true},"39":{"start":{"line":128,"column":16},"end":{"line":128,"column":75},"skip":true},"40":{"start":{"line":129,"column":16},"end":{"line":131,"column":17},"skip":true},"41":{"start":{"line":130,"column":20},"end":{"line":130,"column":27},"skip":true},"42":{"start":{"line":133,"column":16},"end":{"line":137,"column":36},"skip":true},"43":{"start":{"line":134,"column":20},"end":{"line":136,"column":55},"skip":true},"44":{"start":{"line":139,"column":16},"end":{"line":139,"column":57},"skip":true},"45":{"start":{"line":143,"column":8},"end":{"line":147,"column":11},"skip":true},"46":{"start":{"line":144,"column":12},"end":{"line":146,"column":15},"skip":true},"47":{"start":{"line":145,"column":16},"end":{"line":145,"column":70},"skip":true},"48":{"start":{"line":149,"column":8},"end":{"line":149,"column":31},"skip":true},"49":{"start":{"line":150,"column":8},"end":{"line":150,"column":14},"skip":true},"50":{"start":{"line":158,"column":8},"end":{"line":158,"column":31},"skip":true},"51":{"start":{"line":160,"column":8},"end":{"line":160,"column":33},"skip":true},"52":{"start":{"line":161,"column":8},"end":{"line":161,"column":37},"skip":true},"53":{"start":{"line":162,"column":8},"end":{"line":162,"column":35},"skip":true},"54":{"start":{"line":164,"column":8},"end":{"line":164,"column":50},"skip":true},"55":{"start":{"line":166,"column":8},"end":{"line":256,"column":2},"skip":true},"56":{"start":{"line":258,"column":8},"end":{"line":286,"column":9},"skip":true},"57":{"start":{"line":259,"column":12},"end":{"line":269,"column":14},"skip":true},"58":{"start":{"line":271,"column":12},"end":{"line":285,"column":19},"skip":true},"59":{"start":{"line":274,"column":20},"end":{"line":274,"column":35},"skip":true},"60":{"start":{"line":275,"column":20},"end":{"line":284,"column":21},"skip":true},"61":{"start":{"line":277,"column":24},"end":{"line":277,"column":64},"skip":true},"62":{"start":{"line":279,"column":24},"end":{"line":279,"column":40},"skip":true},"63":{"start":{"line":281,"column":24},"end":{"line":281,"column":40},"skip":true},"64":{"start":{"line":283,"column":24},"end":{"line":283,"column":39},"skip":true},"65":{"start":{"line":288,"column":8},"end":{"line":290,"column":9},"skip":true},"66":{"start":{"line":289,"column":12},"end":{"line":289,"column":18},"skip":true},"67":{"start":{"line":291,"column":8},"end":{"line":293,"column":54},"skip":true},"68":{"start":{"line":296,"column":8},"end":{"line":301,"column":37},"skip":true},"69":{"start":{"line":303,"column":8},"end":{"line":303,"column":82},"skip":true},"70":{"start":{"line":306,"column":8},"end":{"line":308,"column":9},"skip":true},"71":{"start":{"line":307,"column":12},"end":{"line":307,"column":82},"skip":true},"72":{"start":{"line":310,"column":8},"end":{"line":312,"column":9},"skip":true},"73":{"start":{"line":311,"column":12},"end":{"line":311,"column":18},"skip":true},"74":{"start":{"line":313,"column":8},"end":{"line":313,"column":54},"skip":true},"75":{"start":{"line":314,"column":8},"end":{"line":314,"column":69},"skip":true},"76":{"start":{"line":315,"column":8},"end":{"line":323,"column":36},"skip":true},"77":{"start":{"line":316,"column":12},"end":{"line":316,"column":61},"skip":true},"78":{"start":{"line":317,"column":12},"end":{"line":320,"column":13},"skip":true},"79":{"start":{"line":318,"column":16},"end":{"line":318,"column":75},"skip":true},"80":{"start":{"line":319,"column":16},"end":{"line":319,"column":23},"skip":true},"81":{"start":{"line":321,"column":12},"end":{"line":321,"column":38},"skip":true},"82":{"start":{"line":322,"column":12},"end":{"line":322,"column":27},"skip":true},"83":{"start":{"line":324,"column":8},"end":{"line":324,"column":14},"skip":true}},"branchMap":{"1":{"line":39,"type":"binary-expr","locations":[{"start":{"line":39,"column":23},"end":{"line":39,"column":62}},{"start":{"line":40,"column":20},"end":{"line":40,"column":70}},{"start":{"line":41,"column":20},"end":{"line":41,"column":71}},{"start":{"line":42,"column":20},"end":{"line":42,"column":29}}]},"2":{"line":44,"type":"binary-expr","locations":[{"start":{"line":44,"column":23},"end":{"line":44,"column":37}},{"start":{"line":45,"column":20},"end":{"line":45,"column":61}},{"start":{"line":46,"column":20},"end":{"line":46,"column":70}},{"start":{"line":47,"column":20},"end":{"line":47,"column":26}}]},"3":{"line":51,"type":"cond-expr","locations":[{"start":{"line":52,"column":14},"end":{"line":52,"column":20}},{"start":{"line":53,"column":14},"end":{"line":53,"column":20}}]},"4":{"line":55,"type":"binary-expr","locations":[{"start":{"line":55,"column":16},"end":{"line":55,"column":44}},{"start":{"line":55,"column":49},"end":{"line":57,"column":43}}]},"5":{"line":55,"type":"cond-expr","locations":[{"start":{"line":56,"column":14},"end":{"line":56,"column":53}},{"start":{"line":57,"column":14},"end":{"line":57,"column":43}}]},"6":{"line":61,"type":"switch","locations":[{"start":{"line":68,"column":4},"end":{"line":150,"column":14},"skip":true},{"start":{"line":156,"column":4},"end":{"line":324,"column":14},"skip":true}]},"7":{"line":70,"type":"if","locations":[{"start":{"line":70,"column":12},"end":{"line":70,"column":12},"skip":true},{"start":{"line":70,"column":12},"end":{"line":70,"column":12},"skip":true}]},"8":{"line":70,"type":"binary-expr","locations":[{"start":{"line":70,"column":16},"end":{"line":70,"column":22},"skip":true},{"start":{"line":70,"column":27},"end":{"line":70,"column":32},"skip":true},{"start":{"line":71,"column":20},"end":{"line":71,"column":39},"skip":true},{"start":{"line":72,"column":20},"end":{"line":72,"column":49},"skip":true},{"start":{"line":73,"column":20},"end":{"line":73,"column":58},"skip":true},{"start":{"line":74,"column":20},"end":{"line":74,"column":69},"skip":true}]},"9":{"line":79,"type":"switch","locations":[{"start":{"line":80,"column":20},"end":{"line":80,"column":33},"skip":true},{"start":{"line":81,"column":20},"end":{"line":83,"column":30},"skip":true},{"start":{"line":84,"column":20},"end":{"line":85,"column":49},"skip":true}]},"10":{"line":89,"type":"switch","locations":[{"start":{"line":90,"column":12},"end":{"line":103,"column":22},"skip":true},{"start":{"line":105,"column":12},"end":{"line":106,"column":22},"skip":true}]},"11":{"line":89,"type":"binary-expr","locations":[{"start":{"line":89,"column":20},"end":{"line":89,"column":25},"skip":true},{"start":{"line":89,"column":29},"end":{"line":89,"column":48},"skip":true},{"start":{"line":89,"column":52},"end":{"line":89,"column":74},"skip":true}]},"12":{"line":92,"type":"if","locations":[{"start":{"line":92,"column":16},"end":{"line":92,"column":16},"skip":true},{"start":{"line":92,"column":16},"end":{"line":92,"column":16},"skip":true}]},"13":{"line":108,"type":"if","locations":[{"start":{"line":108,"column":12},"end":{"line":108,"column":12},"skip":true},{"start":{"line":108,"column":12},"end":{"line":108,"column":12},"skip":true}]},"14":{"line":108,"type":"binary-expr","locations":[{"start":{"line":108,"column":16},"end":{"line":108,"column":61},"skip":true},{"start":{"line":108,"column":66},"end":{"line":108,"column":72},"skip":true},{"start":{"line":108,"column":77},"end":{"line":108,"column":82},"skip":true},{"start":{"line":109,"column":20},"end":{"line":109,"column":39},"skip":true},{"start":{"line":110,"column":20},"end":{"line":110,"column":49},"skip":true},{"start":{"line":111,"column":20},"end":{"line":111,"column":58},"skip":true},{"start":{"line":112,"column":20},"end":{"line":112,"column":68},"skip":true}]},"15":{"line":129,"type":"if","locations":[{"start":{"line":129,"column":16},"end":{"line":129,"column":16},"skip":true},{"start":{"line":129,"column":16},"end":{"line":129,"column":16},"skip":true}]},"16":{"line":134,"type":"cond-expr","locations":[{"start":{"line":135,"column":26},"end":{"line":135,"column":29},"skip":true},{"start":{"line":136,"column":26},"end":{"line":136,"column":54},"skip":true}]},"17":{"line":164,"type":"binary-expr","locations":[{"start":{"line":164,"column":27},"end":{"line":164,"column":43},"skip":true},{"start":{"line":164,"column":47},"end":{"line":164,"column":49},"skip":true}]},"18":{"line":258,"type":"if","locations":[{"start":{"line":258,"column":8},"end":{"line":258,"column":8},"skip":true},{"start":{"line":258,"column":8},"end":{"line":258,"column":8},"skip":true}]},"19":{"line":275,"type":"switch","locations":[{"start":{"line":276,"column":20},"end":{"line":277,"column":64},"skip":true},{"start":{"line":278,"column":20},"end":{"line":279,"column":40},"skip":true},{"start":{"line":280,"column":20},"end":{"line":281,"column":40},"skip":true},{"start":{"line":282,"column":20},"end":{"line":283,"column":39},"skip":true}]},"20":{"line":288,"type":"if","locations":[{"start":{"line":288,"column":8},"end":{"line":288,"column":8},"skip":true},{"start":{"line":288,"column":8},"end":{"line":288,"column":8},"skip":true}]},"21":{"line":288,"type":"binary-expr","locations":[{"start":{"line":288,"column":12},"end":{"line":288,"column":40},"skip":true},{"start":{"line":288,"column":44},"end":{"line":288,"column":67},"skip":true}]},"22":{"line":292,"type":"binary-expr","locations":[{"start":{"line":292,"column":12},"end":{"line":292,"column":50},"skip":true},{"start":{"line":293,"column":12},"end":{"line":293,"column":53},"skip":true}]},"23":{"line":297,"type":"binary-expr","locations":[{"start":{"line":297,"column":12},"end":{"line":297,"column":67},"skip":true},{"start":{"line":298,"column":12},"end":{"line":301,"column":36},"skip":true}]},"24":{"line":303,"type":"binary-expr","locations":[{"start":{"line":303,"column":43},"end":{"line":303,"column":75},"skip":true},{"start":{"line":303,"column":79},"end":{"line":303,"column":81},"skip":true}]},"25":{"line":306,"type":"if","locations":[{"start":{"line":306,"column":8},"end":{"line":306,"column":8},"skip":true},{"start":{"line":306,"column":8},"end":{"line":306,"column":8},"skip":true}]},"26":{"line":310,"type":"if","locations":[{"start":{"line":310,"column":8},"end":{"line":310,"column":8},"skip":true},{"start":{"line":310,"column":8},"end":{"line":310,"column":8},"skip":true}]},"27":{"line":313,"type":"binary-expr","locations":[{"start":{"line":313,"column":27},"end":{"line":313,"column":43},"skip":true},{"start":{"line":313,"column":47},"end":{"line":313,"column":53},"skip":true}]},"28":{"line":317,"type":"if","locations":[{"start":{"line":317,"column":12},"end":{"line":317,"column":12},"skip":true},{"start":{"line":317,"column":12},"end":{"line":317,"column":12},"skip":true}]}},"code":["/*","example.js","","quickstart example","","instruction","    1. save this script as example.js","    2. run the shell command:","        $ npm install npmtest-json-diff && PORT=8081 node example.js","    3. play with the browser-demo on http://127.0.0.1:8081","*/","","","","/* istanbul instrument in package npmtest_json_diff */","/*jslint","    bitwise: true,","    browser: true,","    maxerr: 8,","    maxlen: 96,","    node: true,","    nomen: true,","    regexp: true,","    stupid: true","*/","(function () {","    'use strict';","    var local;","","","","    // run shared js-env code - pre-init","    (function () {","        // init local","        local = {};","        // init modeJs","        local.modeJs = (function () {","            try {","                return typeof navigator.userAgent === 'string' &&","                    typeof document.querySelector('body') === 'object' &&","                    typeof XMLHttpRequest.prototype.open === 'function' &&","                    'browser';","            } catch (errorCaughtBrowser) {","                return module.exports &&","                    typeof process.versions.node === 'string' &&","                    typeof require('http').createServer === 'function' &&","                    'node';","            }","        }());","        // init global","        local.global = local.modeJs === 'browser'","            ? window","            : global;","        // init utility2_rollup","        local = local.global.utility2_rollup || (local.modeJs === 'browser'","            ? local.global.utility2_npmtest_json_diff","            : global.utility2_moduleExports);","        // export local","        local.global.local = local;","    }());","    switch (local.modeJs) {","","","","    // post-init","    // run browser js-env code - post-init","    /* istanbul ignore next */","    case 'browser':","        local.testRunBrowser = function (event) {","            if (!event || (event &&","                    event.currentTarget &&","                    event.currentTarget.className &&","                    event.currentTarget.className.includes &&","                    event.currentTarget.className.includes('onreset'))) {","                // reset output","                Array.from(","                    document.querySelectorAll('body > .resettable')","                ).forEach(function (element) {","                    switch (element.tagName) {","                    case 'INPUT':","                    case 'TEXTAREA':","                        element.value = '';","                        break;","                    default:","                        element.textContent = '';","                    }","                });","            }","            switch (event && event.currentTarget && event.currentTarget.id) {","            case 'testRunButton1':","                // show tests","                if (document.querySelector('#testReportDiv1').style.display === 'none') {","                    document.querySelector('#testReportDiv1').style.display = 'block';","                    document.querySelector('#testRunButton1').textContent =","                        'hide internal test';","                    local.modeTest = true;","                    local.testRunDefault(local);","                // hide tests","                } else {","                    document.querySelector('#testReportDiv1').style.display = 'none';","                    document.querySelector('#testRunButton1').textContent = 'run internal test';","                }","                break;","            // custom-case","            default:","                break;","            }","            if (document.querySelector('#inputTextareaEval1') && (!event || (event &&","                    event.currentTarget &&","                    event.currentTarget.className &&","                    event.currentTarget.className.includes &&","                    event.currentTarget.className.includes('oneval')))) {","                // try to eval input-code","                try {","                    /*jslint evil: true*/","                    eval(document.querySelector('#inputTextareaEval1').value);","                } catch (errorCaught) {","                    console.error(errorCaught);","                }","            }","        };","        // log stderr and stdout to #outputTextareaStdout1","        ['error', 'log'].forEach(function (key) {","            console[key + '_original'] = console[key];","            console[key] = function () {","                var element;","                console[key + '_original'].apply(console, arguments);","                element = document.querySelector('#outputTextareaStdout1');","                if (!element) {","                    return;","                }","                // append text to #outputTextareaStdout1","                element.value += Array.from(arguments).map(function (arg) {","                    return typeof arg === 'string'","                        ? arg","                        : JSON.stringify(arg, null, 4);","                }).join(' ') + '\\n';","                // scroll textarea to bottom","                element.scrollTop = element.scrollHeight;","            };","        });","        // init event-handling","        ['change', 'click', 'keyup'].forEach(function (event) {","            Array.from(document.querySelectorAll('.on' + event)).forEach(function (element) {","                element.addEventListener(event, local.testRunBrowser);","            });","        });","        // run tests","        local.testRunBrowser();","        break;","","","","    // run node js-env code - post-init","    /* istanbul ignore next */","    case 'node':","        // export local","        module.exports = local;","        // require modules","        local.fs = require('fs');","        local.http = require('http');","        local.url = require('url');","        // init assets","        local.assetsDict = local.assetsDict || {};","        /* jslint-ignore-begin */","        local.assetsDict['/assets.index.template.html'] = '\\","<!doctype html>\\n\\","<html lang=\"en\">\\n\\","<head>\\n\\","<meta charset=\"UTF-8\">\\n\\","<meta name=\"viewport\" content=\"width=device-width, initial-scale=1\">\\n\\","<title>{{env.npm_package_name}} (v{{env.npm_package_version}})</title>\\n\\","<style>\\n\\","/*csslint\\n\\","    box-sizing: false,\\n\\","    universal-selector: false\\n\\","*/\\n\\","* {\\n\\","    box-sizing: border-box;\\n\\","}\\n\\","body {\\n\\","    background: #dde;\\n\\","    font-family: Arial, Helvetica, sans-serif;\\n\\","    margin: 2rem;\\n\\","}\\n\\","body > * {\\n\\","    margin-bottom: 1rem;\\n\\","}\\n\\",".utility2FooterDiv {\\n\\","    margin-top: 20px;\\n\\","    text-align: center;\\n\\","}\\n\\","</style>\\n\\","<style>\\n\\","/*csslint\\n\\","*/\\n\\","textarea {\\n\\","    font-family: monospace;\\n\\","    height: 10rem;\\n\\","    width: 100%;\\n\\","}\\n\\","textarea[readonly] {\\n\\","    background: #ddd;\\n\\","}\\n\\","</style>\\n\\","</head>\\n\\","<body>\\n\\","<!-- utility2-comment\\n\\","<div id=\"ajaxProgressDiv1\" style=\"background: #d00; height: 2px; left: 0; margin: 0; padding: 0; position: fixed; top: 0; transition: background 0.5s, width 1.5s; width: 25%;\"></div>\\n\\","utility2-comment -->\\n\\","<h1>\\n\\","<!-- utility2-comment\\n\\","    <a\\n\\","        {{#if env.npm_package_homepage}}\\n\\","        href=\"{{env.npm_package_homepage}}\"\\n\\","        {{/if env.npm_package_homepage}}\\n\\","        target=\"_blank\"\\n\\","    >\\n\\","utility2-comment -->\\n\\","        {{env.npm_package_name}} (v{{env.npm_package_version}})\\n\\","<!-- utility2-comment\\n\\","    </a>\\n\\","utility2-comment -->\\n\\","</h1>\\n\\","<h3>{{env.npm_package_description}}</h3>\\n\\","<!-- utility2-comment\\n\\","<h4><a download href=\"assets.app.js\">download standalone app</a></h4>\\n\\","<button class=\"onclick onreset\" id=\"testRunButton1\">run internal test</button><br>\\n\\","<div id=\"testReportDiv1\" style=\"display: none;\"></div>\\n\\","utility2-comment -->\\n\\","\\n\\","\\n\\","\\n\\","<label>stderr and stdout</label>\\n\\","<textarea class=\"resettable\" id=\"outputTextareaStdout1\" readonly></textarea>\\n\\","<!-- utility2-comment\\n\\","{{#if isRollup}}\\n\\","<script src=\"assets.app.js\"></script>\\n\\","{{#unless isRollup}}\\n\\","utility2-comment -->\\n\\","<script src=\"assets.utility2.rollup.js\"></script>\\n\\","<script src=\"jsonp.utility2._stateInit?callback=window.utility2._stateInit\"></script>\\n\\","<script src=\"assets.npmtest_json_diff.rollup.js\"></script>\\n\\","<script src=\"assets.example.js\"></script>\\n\\","<script src=\"assets.test.js\"></script>\\n\\","<!-- utility2-comment\\n\\","{{/if isRollup}}\\n\\","utility2-comment -->\\n\\","<div class=\"utility2FooterDiv\">\\n\\","    [ this app was created with\\n\\","    <a href=\"https://github.com/kaizhu256/node-utility2\" target=\"_blank\">utility2</a>\\n\\","    ]\\n\\","</div>\\n\\","</body>\\n\\","</html>\\n\\","';","        /* jslint-ignore-end */","        if (local.templateRender) {","            local.assetsDict['/'] = local.templateRender(","                local.assetsDict['/assets.index.template.html'],","                {","                    env: local.objectSetDefault(local.env, {","                        npm_package_description: 'the greatest app in the world!',","                        npm_package_name: 'my-app',","                        npm_package_nameAlias: 'my_app',","                        npm_package_version: '0.0.1'","                    })","                }","            );","        } else {","            local.assetsDict['/'] = local.assetsDict['/assets.index.template.html']","                .replace((/\\{\\{env\\.(\\w+?)\\}\\}/g), function (match0, match1) {","                    // jslint-hack","                    String(match0);","                    switch (match1) {","                    case 'npm_package_description':","                        return 'the greatest app in the world!';","                    case 'npm_package_name':","                        return 'my-app';","                    case 'npm_package_nameAlias':","                        return 'my_app';","                    case 'npm_package_version':","                        return '0.0.1';","                    }","                });","        }","        // run the cli","        if (local.global.utility2_rollup || module !== require.main) {","            break;","        }","        local.assetsDict['/assets.example.js'] =","            local.assetsDict['/assets.example.js'] ||","            local.fs.readFileSync(__filename, 'utf8');","        // bug-workaround - long $npm_package_buildCustomOrg","        /* jslint-ignore-begin */","        local.assetsDict['/assets.npmtest_json_diff.rollup.js'] =","            local.assetsDict['/assets.npmtest_json_diff.rollup.js'] ||","            local.fs.readFileSync(","                local.npmtest_json_diff.__dirname + '/lib.npmtest_json_diff.js',","                'utf8'","            ).replace((/^#!/), '//');","        /* jslint-ignore-end */","        local.assetsDict['/favicon.ico'] = local.assetsDict['/favicon.ico'] || '';","        // if $npm_config_timeout_exit exists,","        // then exit this process after $npm_config_timeout_exit ms","        if (Number(process.env.npm_config_timeout_exit)) {","            setTimeout(process.exit, Number(process.env.npm_config_timeout_exit));","        }","        // start server","        if (local.global.utility2_serverHttp1) {","            break;","        }","        process.env.PORT = process.env.PORT || '8081';","        console.error('server starting on port ' + process.env.PORT);","        local.http.createServer(function (request, response) {","            request.urlParsed = local.url.parse(request.url);","            if (local.assetsDict[request.urlParsed.pathname] !== undefined) {","                response.end(local.assetsDict[request.urlParsed.pathname]);","                return;","            }","            response.statusCode = 404;","            response.end();","        }).listen(process.env.PORT);","        break;","    }","}());",""],"l":{"26":2,"28":2,"33":2,"35":2,"37":2,"38":2,"39":2,"44":1,"51":2,"55":2,"59":2,"61":2,"69":1,"70":2,"76":2,"79":2,"82":2,"83":2,"85":1,"89":2,"92":1,"93":1,"94":1,"96":1,"97":1,"100":1,"101":1,"103":1,"106":1,"108":2,"114":1,"116":1,"118":1,"123":1,"124":2,"125":2,"126":3,"127":3,"128":3,"129":3,"130":1,"133":3,"134":3,"139":3,"143":1,"144":3,"145":1,"149":1,"150":1,"158":1,"160":1,"161":1,"162":1,"164":1,"166":1,"258":1,"259":1,"271":1,"274":6,"275":6,"277":1,"279":2,"281":1,"283":2,"288":1,"289":1,"291":1,"296":1,"303":1,"306":1,"307":1,"310":1,"311":1,"313":1,"314":1,"315":1,"316":1,"317":1,"318":1,"319":1,"321":1,"322":1,"324":1}},"/home/travis/build/npmtest/node-npmtest-json-diff/node_modules/json-diff/lib/index.js":{"path":"/home/travis/build/npmtest/node-npmtest-json-diff/node_modules/json-diff/lib/index.js","s":{"1":1,"2":1,"3":1,"4":1,"5":1,"6":1,"7":0,"8":1,"9":0,"10":0,"11":0,"12":0,"13":0,"14":0,"15":0,"16":0,"17":0,"18":0,"19":0,"20":0,"21":0,"22":0,"23":0,"24":0,"25":0,"26":0,"27":0,"28":0,"29":0,"30":0,"31":0,"32":0,"33":0,"34":0,"35":0,"36":0,"37":0,"38":0,"39":0,"40":0,"41":0,"42":0,"43":0,"44":0,"45":0,"46":1,"47":0,"48":0,"49":0,"50":0,"51":0,"52":0,"53":0,"54":0,"55":0,"56":0,"57":0,"58":0,"59":1,"60":0,"61":0,"62":0,"63":0,"64":0,"65":0,"66":0,"67":0,"68":0,"69":0,"70":0,"71":0,"72":0,"73":1,"74":0,"75":1,"76":0,"77":0,"78":0,"79":1,"80":0,"81":0,"82":0,"83":0,"84":0,"85":0,"86":0,"87":0,"88":0,"89":0,"90":0,"91":0,"92":0,"93":0,"94":0,"95":0,"96":0,"97":0,"98":0,"99":0,"100":0,"101":0,"102":0,"103":0,"104":0,"105":0,"106":0,"107":0,"108":0,"109":0,"110":0,"111":0,"112":0,"113":0,"114":0,"115":0,"116":0,"117":0,"118":0,"119":0,"120":0,"121":0,"122":0,"123":0,"124":0,"125":0,"126":0,"127":0,"128":1,"129":0,"130":0,"131":0,"132":0,"133":0,"134":0,"135":0,"136":0,"137":0,"138":0,"139":1,"140":0,"141":0,"142":0,"143":1,"144":0,"145":0,"146":0,"147":1,"148":0,"149":1},"b":{"1":[0,0],"2":[0,0],"3":[0,0],"4":[0,0],"5":[0,0],"6":[0,0],"7":[0,0],"8":[0,0],"9":[0,0],"10":[0,0],"11":[0,0],"12":[0,0],"13":[0,0],"14":[0,0],"15":[0,0],"16":[0,0,0],"17":[0,0],"18":[0,0],"19":[0,0],"20":[0,0,0,0],"21":[0,0],"22":[0,0],"23":[0,0],"24":[0,0],"25":[0,0],"26":[0,0],"27":[0,0],"28":[0,0],"29":[0,0],"30":[0,0],"31":[0,0],"32":[0,0],"33":[0,0],"34":[0,0],"35":[0,0],"36":[0,0],"37":[0,0],"38":[0,0]},"f":{"1":1,"2":0,"3":0,"4":0,"5":0,"6":0,"7":0,"8":0,"9":0,"10":0,"11":0,"12":0},"fnMap":{"1":{"name":"(anonymous_1)","line":2,"loc":{"start":{"line":2,"column":1},"end":{"line":2,"column":12}}},"2":{"name":"(anonymous_2)","line":12,"loc":{"start":{"line":12,"column":13},"end":{"line":12,"column":27}}},"3":{"name":"(anonymous_3)","line":16,"loc":{"start":{"line":16,"column":15},"end":{"line":16,"column":36}}},"4":{"name":"(anonymous_4)","line":54,"loc":{"start":{"line":54,"column":23},"end":{"line":54,"column":54}}},"5":{"name":"(anonymous_5)","line":75,"loc":{"start":{"line":75,"column":14},"end":{"line":75,"column":57}}},"6":{"name":"(anonymous_6)","line":94,"loc":{"start":{"line":94,"column":17},"end":{"line":94,"column":43}}},"7":{"name":"(anonymous_7)","line":98,"loc":{"start":{"line":98,"column":16},"end":{"line":98,"column":42}}},"8":{"name":"(anonymous_8)","line":106,"loc":{"start":{"line":106,"column":14},"end":{"line":106,"column":42}}},"9":{"name":"(anonymous_9)","line":178,"loc":{"start":{"line":178,"column":18},"end":{"line":178,"column":39}}},"10":{"name":"(anonymous_10)","line":202,"loc":{"start":{"line":202,"column":9},"end":{"line":202,"column":30}}},"11":{"name":"(anonymous_11)","line":208,"loc":{"start":{"line":208,"column":14},"end":{"line":208,"column":35}}},"12":{"name":"(anonymous_12)","line":214,"loc":{"start":{"line":214,"column":15},"end":{"line":214,"column":45}}}},"statementMap":{"1":{"start":{"line":2,"column":0},"end":{"line":223,"column":14}},"2":{"start":{"line":3,"column":2},"end":{"line":4,"column":34}},"3":{"start":{"line":6,"column":2},"end":{"line":6,"column":55}},"4":{"start":{"line":8,"column":2},"end":{"line":8,"column":52}},"5":{"start":{"line":10,"column":2},"end":{"line":10,"column":44}},"6":{"start":{"line":12,"column":2},"end":{"line":14,"column":4}},"7":{"start":{"line":13,"column":4},"end":{"line":13,"column":35}},"8":{"start":{"line":16,"column":2},"end":{"line":52,"column":4}},"9":{"start":{"line":17,"column":4},"end":{"line":17,"column":88}},"10":{"start":{"line":18,"column":4},"end":{"line":18,"column":16}},"11":{"start":{"line":19,"column":4},"end":{"line":19,"column":14}},"12":{"start":{"line":20,"column":4},"end":{"line":20,"column":30}},"13":{"start":{"line":21,"column":4},"end":{"line":21,"column":30}},"14":{"start":{"line":22,"column":4},"end":{"line":28,"column":5}},"15":{"start":{"line":23,"column":6},"end":{"line":23,"column":47}},"16":{"start":{"line":23,"column":38},"end":{"line":23,"column":47}},"17":{"start":{"line":24,"column":6},"end":{"line":24,"column":25}},"18":{"start":{"line":25,"column":6},"end":{"line":25,"column":38}},"19":{"start":{"line":25,"column":29},"end":{"line":25,"column":38}},"20":{"start":{"line":26,"column":6},"end":{"line":26,"column":46}},"21":{"start":{"line":27,"column":6},"end":{"line":27,"column":18}},"22":{"start":{"line":29,"column":4},"end":{"line":35,"column":5}},"23":{"start":{"line":30,"column":6},"end":{"line":30,"column":47}},"24":{"start":{"line":30,"column":38},"end":{"line":30,"column":47}},"25":{"start":{"line":31,"column":6},"end":{"line":31,"column":25}},"26":{"start":{"line":32,"column":6},"end":{"line":32,"column":38}},"27":{"start":{"line":32,"column":29},"end":{"line":32,"column":38}},"28":{"start":{"line":33,"column":6},"end":{"line":33,"column":44}},"29":{"start":{"line":34,"column":6},"end":{"line":34,"column":18}},"30":{"start":{"line":36,"column":4},"end":{"line":45,"column":5}},"31":{"start":{"line":37,"column":6},"end":{"line":37,"column":47}},"32":{"start":{"line":37,"column":38},"end":{"line":37,"column":47}},"33":{"start":{"line":38,"column":6},"end":{"line":38,"column":25}},"34":{"start":{"line":39,"column":6},"end":{"line":39,"column":35}},"35":{"start":{"line":39,"column":26},"end":{"line":39,"column":35}},"36":{"start":{"line":40,"column":6},"end":{"line":40,"column":18}},"37":{"start":{"line":41,"column":6},"end":{"line":41,"column":25}},"38":{"start":{"line":42,"column":6},"end":{"line":42,"column":81}},"39":{"start":{"line":43,"column":6},"end":{"line":43,"column":39}},"40":{"start":{"line":43,"column":18},"end":{"line":43,"column":39}},"41":{"start":{"line":44,"column":6},"end":{"line":44,"column":57}},"42":{"start":{"line":46,"column":4},"end":{"line":50,"column":5}},"43":{"start":{"line":47,"column":6},"end":{"line":47,"column":92}},"44":{"start":{"line":49,"column":6},"end":{"line":49,"column":33}},"45":{"start":{"line":51,"column":4},"end":{"line":51,"column":27}},"46":{"start":{"line":54,"column":2},"end":{"line":73,"column":4}},"47":{"start":{"line":55,"column":4},"end":{"line":55,"column":41}},"48":{"start":{"line":56,"column":4},"end":{"line":56,"column":21}},"49":{"start":{"line":57,"column":4},"end":{"line":71,"column":5}},"50":{"start":{"line":58,"column":6},"end":{"line":58,"column":57}},"51":{"start":{"line":58,"column":48},"end":{"line":58,"column":57}},"52":{"start":{"line":59,"column":6},"end":{"line":59,"column":38}},"53":{"start":{"line":60,"column":6},"end":{"line":70,"column":7}},"54":{"start":{"line":61,"column":8},"end":{"line":69,"column":9}},"55":{"start":{"line":62,"column":10},"end":{"line":62,"column":45}},"56":{"start":{"line":63,"column":10},"end":{"line":68,"column":11}},"57":{"start":{"line":64,"column":12},"end":{"line":67,"column":14}},"58":{"start":{"line":72,"column":4},"end":{"line":72,"column":21}},"59":{"start":{"line":75,"column":2},"end":{"line":92,"column":4}},"60":{"start":{"line":76,"column":4},"end":{"line":76,"column":51}},"61":{"start":{"line":77,"column":4},"end":{"line":77,"column":18}},"62":{"start":{"line":78,"column":4},"end":{"line":90,"column":5}},"63":{"start":{"line":79,"column":6},"end":{"line":79,"column":23}},"64":{"start":{"line":80,"column":6},"end":{"line":89,"column":7}},"65":{"start":{"line":81,"column":8},"end":{"line":81,"column":28}},"66":{"start":{"line":82,"column":13},"end":{"line":89,"column":7}},"67":{"start":{"line":83,"column":8},"end":{"line":83,"column":40}},"68":{"start":{"line":84,"column":8},"end":{"line":84,"column":37}},"69":{"start":{"line":86,"column":8},"end":{"line":86,"column":50}},"70":{"start":{"line":87,"column":8},"end":{"line":87,"column":32}},"71":{"start":{"line":88,"column":8},"end":{"line":88,"column":29}},"72":{"start":{"line":91,"column":4},"end":{"line":91,"column":20}},"73":{"start":{"line":94,"column":2},"end":{"line":96,"column":4}},"74":{"start":{"line":95,"column":4},"end":{"line":95,"column":61}},"75":{"start":{"line":98,"column":2},"end":{"line":104,"column":4}},"76":{"start":{"line":99,"column":4},"end":{"line":103,"column":5}},"77":{"start":{"line":100,"column":6},"end":{"line":100,"column":29}},"78":{"start":{"line":102,"column":6},"end":{"line":102,"column":18}},"79":{"start":{"line":106,"column":2},"end":{"line":176,"column":4}},"80":{"start":{"line":107,"column":4},"end":{"line":107,"column":167}},"81":{"start":{"line":108,"column":4},"end":{"line":110,"column":6}},"82":{"start":{"line":111,"column":4},"end":{"line":111,"column":39}},"83":{"start":{"line":112,"column":4},"end":{"line":114,"column":6}},"84":{"start":{"line":115,"column":4},"end":{"line":115,"column":51}},"85":{"start":{"line":116,"column":4},"end":{"line":116,"column":65}},"86":{"start":{"line":117,"column":4},"end":{"line":117,"column":16}},"87":{"start":{"line":118,"column":4},"end":{"line":118,"column":14}},"88":{"start":{"line":119,"column":4},"end":{"line":119,"column":20}},"89":{"start":{"line":120,"column":4},"end":{"line":168,"column":5}},"90":{"start":{"line":121,"column":6},"end":{"line":121,"column":95}},"91":{"start":{"line":122,"column":6},"end":{"line":122,"column":43}},"92":{"start":{"line":122,"column":26},"end":{"line":122,"column":43}},"93":{"start":{"line":123,"column":6},"end":{"line":167,"column":7}},"94":{"start":{"line":125,"column":10},"end":{"line":144,"column":11}},"95":{"start":{"line":126,"column":12},"end":{"line":126,"column":27}},"96":{"start":{"line":127,"column":12},"end":{"line":142,"column":13}},"97":{"start":{"line":128,"column":14},"end":{"line":130,"column":15}},"98":{"start":{"line":129,"column":16},"end":{"line":129,"column":158}},"99":{"start":{"line":131,"column":14},"end":{"line":131,"column":52}},"100":{"start":{"line":132,"column":14},"end":{"line":132,"column":52}},"101":{"start":{"line":133,"column":14},"end":{"line":133,"column":42}},"102":{"start":{"line":134,"column":14},"end":{"line":139,"column":15}},"103":{"start":{"line":135,"column":16},"end":{"line":135,"column":43}},"104":{"start":{"line":136,"column":16},"end":{"line":136,"column":33}},"105":{"start":{"line":138,"column":16},"end":{"line":138,"column":35}},"106":{"start":{"line":141,"column":14},"end":{"line":141,"column":39}},"107":{"start":{"line":143,"column":12},"end":{"line":143,"column":24}},"108":{"start":{"line":145,"column":10},"end":{"line":145,"column":16}},"109":{"start":{"line":147,"column":10},"end":{"line":150,"column":11}},"110":{"start":{"line":148,"column":12},"end":{"line":148,"column":65}},"111":{"start":{"line":149,"column":12},"end":{"line":149,"column":23}},"112":{"start":{"line":151,"column":10},"end":{"line":151,"column":16}},"113":{"start":{"line":153,"column":10},"end":{"line":156,"column":11}},"114":{"start":{"line":154,"column":12},"end":{"line":154,"column":65}},"115":{"start":{"line":155,"column":12},"end":{"line":155,"column":23}},"116":{"start":{"line":157,"column":10},"end":{"line":157,"column":16}},"117":{"start":{"line":159,"column":10},"end":{"line":162,"column":11}},"118":{"start":{"line":160,"column":12},"end":{"line":160,"column":65}},"119":{"start":{"line":161,"column":12},"end":{"line":161,"column":23}},"120":{"start":{"line":163,"column":10},"end":{"line":166,"column":11}},"121":{"start":{"line":164,"column":12},"end":{"line":164,"column":65}},"122":{"start":{"line":165,"column":12},"end":{"line":165,"column":23}},"123":{"start":{"line":169,"column":4},"end":{"line":174,"column":5}},"124":{"start":{"line":170,"column":6},"end":{"line":170,"column":22}},"125":{"start":{"line":171,"column":6},"end":{"line":171,"column":18}},"126":{"start":{"line":173,"column":6},"end":{"line":173,"column":33}},"127":{"start":{"line":175,"column":4},"end":{"line":175,"column":27}},"128":{"start":{"line":178,"column":2},"end":{"line":200,"column":4}},"129":{"start":{"line":179,"column":4},"end":{"line":179,"column":21}},"130":{"start":{"line":180,"column":4},"end":{"line":180,"column":33}},"131":{"start":{"line":181,"column":4},"end":{"line":181,"column":33}},"132":{"start":{"line":182,"column":4},"end":{"line":189,"column":5}},"133":{"start":{"line":183,"column":6},"end":{"line":188,"column":7}},"134":{"start":{"line":185,"column":10},"end":{"line":185,"column":40}},"135":{"start":{"line":187,"column":10},"end":{"line":187,"column":39}},"136":{"start":{"line":190,"column":4},"end":{"line":199,"column":5}},"137":{"start":{"line":191,"column":6},"end":{"line":196,"column":8}},"138":{"start":{"line":198,"column":6},"end":{"line":198,"column":27}},"139":{"start":{"line":202,"column":2},"end":{"line":206,"column":4}},"140":{"start":{"line":203,"column":4},"end":{"line":203,"column":28}},"141":{"start":{"line":204,"column":4},"end":{"line":204,"column":72}},"142":{"start":{"line":205,"column":4},"end":{"line":205,"column":18}},"143":{"start":{"line":208,"column":2},"end":{"line":212,"column":4}},"144":{"start":{"line":209,"column":4},"end":{"line":209,"column":28}},"145":{"start":{"line":210,"column":4},"end":{"line":210,"column":72}},"146":{"start":{"line":211,"column":4},"end":{"line":211,"column":17}},"147":{"start":{"line":214,"column":2},"end":{"line":216,"column":4}},"148":{"start":{"line":215,"column":4},"end":{"line":215,"column":47}},"149":{"start":{"line":218,"column":2},"end":{"line":221,"column":4}}},"branchMap":{"1":{"line":23,"type":"if","locations":[{"start":{"line":23,"column":6},"end":{"line":23,"column":6}},{"start":{"line":23,"column":6},"end":{"line":23,"column":6}}]},"2":{"line":25,"type":"if","locations":[{"start":{"line":25,"column":6},"end":{"line":25,"column":6}},{"start":{"line":25,"column":6},"end":{"line":25,"column":6}}]},"3":{"line":30,"type":"if","locations":[{"start":{"line":30,"column":6},"end":{"line":30,"column":6}},{"start":{"line":30,"column":6},"end":{"line":30,"column":6}}]},"4":{"line":32,"type":"if","locations":[{"start":{"line":32,"column":6},"end":{"line":32,"column":6}},{"start":{"line":32,"column":6},"end":{"line":32,"column":6}}]},"5":{"line":37,"type":"if","locations":[{"start":{"line":37,"column":6},"end":{"line":37,"column":6}},{"start":{"line":37,"column":6},"end":{"line":37,"column":6}}]},"6":{"line":39,"type":"if","locations":[{"start":{"line":39,"column":6},"end":{"line":39,"column":6}},{"start":{"line":39,"column":6},"end":{"line":39,"column":6}}]},"7":{"line":43,"type":"if","locations":[{"start":{"line":43,"column":6},"end":{"line":43,"column":6}},{"start":{"line":43,"column":6},"end":{"line":43,"column":6}}]},"8":{"line":46,"type":"if","locations":[{"start":{"line":46,"column":4},"end":{"line":46,"column":4}},{"start":{"line":46,"column":4},"end":{"line":46,"column":4}}]},"9":{"line":58,"type":"if","locations":[{"start":{"line":58,"column":6},"end":{"line":58,"column":6}},{"start":{"line":58,"column":6},"end":{"line":58,"column":6}}]},"10":{"line":60,"type":"if","locations":[{"start":{"line":60,"column":6},"end":{"line":60,"column":6}},{"start":{"line":60,"column":6},"end":{"line":60,"column":6}}]},"11":{"line":61,"type":"if","locations":[{"start":{"line":61,"column":8},"end":{"line":61,"column":8}},{"start":{"line":61,"column":8},"end":{"line":61,"column":8}}]},"12":{"line":63,"type":"if","locations":[{"start":{"line":63,"column":10},"end":{"line":63,"column":10}},{"start":{"line":63,"column":10},"end":{"line":63,"column":10}}]},"13":{"line":63,"type":"binary-expr","locations":[{"start":{"line":63,"column":14},"end":{"line":63,"column":24}},{"start":{"line":63,"column":28},"end":{"line":63,"column":51}}]},"14":{"line":80,"type":"if","locations":[{"start":{"line":80,"column":6},"end":{"line":80,"column":6}},{"start":{"line":80,"column":6},"end":{"line":80,"column":6}}]},"15":{"line":82,"type":"if","locations":[{"start":{"line":82,"column":13},"end":{"line":82,"column":13}},{"start":{"line":82,"column":13},"end":{"line":82,"column":13}}]},"16":{"line":82,"type":"binary-expr","locations":[{"start":{"line":82,"column":17},"end":{"line":82,"column":31}},{"start":{"line":82,"column":36},"end":{"line":82,"column":88}},{"start":{"line":82,"column":93},"end":{"line":82,"column":113}}]},"17":{"line":95,"type":"binary-expr","locations":[{"start":{"line":95,"column":12},"end":{"line":95,"column":36}},{"start":{"line":95,"column":42},"end":{"line":95,"column":59}}]},"18":{"line":99,"type":"if","locations":[{"start":{"line":99,"column":4},"end":{"line":99,"column":4}},{"start":{"line":99,"column":4},"end":{"line":99,"column":4}}]},"19":{"line":122,"type":"if","locations":[{"start":{"line":122,"column":6},"end":{"line":122,"column":6}},{"start":{"line":122,"column":6},"end":{"line":122,"column":6}}]},"20":{"line":123,"type":"switch","locations":[{"start":{"line":124,"column":8},"end":{"line":145,"column":16}},{"start":{"line":146,"column":8},"end":{"line":151,"column":16}},{"start":{"line":152,"column":8},"end":{"line":157,"column":16}},{"start":{"line":158,"column":8},"end":{"line":166,"column":11}}]},"21":{"line":125,"type":"cond-expr","locations":[{"start":{"line":125,"column":39},"end":{"line":125,"column":46}},{"start":{"line":125,"column":49},"end":{"line":125,"column":56}}]},"22":{"line":125,"type":"cond-expr","locations":[{"start":{"line":125,"column":73},"end":{"line":125,"column":77}},{"start":{"line":125,"column":80},"end":{"line":125,"column":84}}]},"23":{"line":127,"type":"if","locations":[{"start":{"line":127,"column":12},"end":{"line":127,"column":12}},{"start":{"line":127,"column":12},"end":{"line":127,"column":12}}]},"24":{"line":128,"type":"if","locations":[{"start":{"line":128,"column":14},"end":{"line":128,"column":14}},{"start":{"line":128,"column":14},"end":{"line":128,"column":14}}]},"25":{"line":134,"type":"if","locations":[{"start":{"line":134,"column":14},"end":{"line":134,"column":14}},{"start":{"line":134,"column":14},"end":{"line":134,"column":14}}]},"26":{"line":147,"type":"cond-expr","locations":[{"start":{"line":147,"column":39},"end":{"line":147,"column":46}},{"start":{"line":147,"column":49},"end":{"line":147,"column":56}}]},"27":{"line":147,"type":"cond-expr","locations":[{"start":{"line":147,"column":73},"end":{"line":147,"column":77}},{"start":{"line":147,"column":80},"end":{"line":147,"column":84}}]},"28":{"line":153,"type":"cond-expr","locations":[{"start":{"line":153,"column":39},"end":{"line":153,"column":46}},{"start":{"line":153,"column":49},"end":{"line":153,"column":56}}]},"29":{"line":153,"type":"cond-expr","locations":[{"start":{"line":153,"column":73},"end":{"line":153,"column":77}},{"start":{"line":153,"column":80},"end":{"line":153,"column":84}}]},"30":{"line":159,"type":"cond-expr","locations":[{"start":{"line":159,"column":39},"end":{"line":159,"column":46}},{"start":{"line":159,"column":49},"end":{"line":159,"column":56}}]},"31":{"line":159,"type":"cond-expr","locations":[{"start":{"line":159,"column":73},"end":{"line":159,"column":77}},{"start":{"line":159,"column":80},"end":{"line":159,"column":84}}]},"32":{"line":163,"type":"cond-expr","locations":[{"start":{"line":163,"column":39},"end":{"line":163,"column":46}},{"start":{"line":163,"column":49},"end":{"line":163,"column":56}}]},"33":{"line":163,"type":"cond-expr","locations":[{"start":{"line":163,"column":73},"end":{"line":163,"column":77}},{"start":{"line":163,"column":80},"end":{"line":163,"column":84}}]},"34":{"line":169,"type":"if","locations":[{"start":{"line":169,"column":4},"end":{"line":169,"column":4}},{"start":{"line":169,"column":4},"end":{"line":169,"column":4}}]},"35":{"line":169,"type":"binary-expr","locations":[{"start":{"line":169,"column":8},"end":{"line":169,"column":16}},{"start":{"line":169,"column":21},"end":{"line":169,"column":41}}]},"36":{"line":182,"type":"if","locations":[{"start":{"line":182,"column":4},"end":{"line":182,"column":4}},{"start":{"line":182,"column":4},"end":{"line":182,"column":4}}]},"37":{"line":183,"type":"switch","locations":[{"start":{"line":184,"column":8},"end":{"line":185,"column":40}},{"start":{"line":186,"column":8},"end":{"line":187,"column":39}}]},"38":{"line":190,"type":"if","locations":[{"start":{"line":190,"column":4},"end":{"line":190,"column":4}},{"start":{"line":190,"column":4},"end":{"line":190,"column":4}}]}},"code":["// Generated by IcedCoffeeScript 1.3.3f","(function() {","  var SequenceMatcher, arrayDiff, colorize, descalarize, diff, diffScore, diffString, diffWithScore, extendedTypeOf, findMatchingObject, isScalar, isScalarized, objectDiff, scalarize,","    __hasProp = {}.hasOwnProperty;","","  SequenceMatcher = require('difflib').SequenceMatcher;","","  extendedTypeOf = require('./util').extendedTypeOf;","","  colorize = require('./colorize').colorize;","","  isScalar = function(obj) {","    return typeof obj !== 'object';","  };","","  objectDiff = function(obj1, obj2) {","    var change, key, keys1, keys2, result, score, subscore, value1, value2, _ref, _ref1;","    result = {};","    score = 0;","    keys1 = Object.keys(obj1);","    keys2 = Object.keys(obj2);","    for (key in obj1) {","      if (!__hasProp.call(obj1, key)) continue;","      value1 = obj1[key];","      if (!(!(key in obj2))) continue;","      result[\"\" + key + \"__deleted\"] = value1;","      score -= 30;","    }","    for (key in obj2) {","      if (!__hasProp.call(obj2, key)) continue;","      value2 = obj2[key];","      if (!(!(key in obj1))) continue;","      result[\"\" + key + \"__added\"] = value2;","      score -= 30;","    }","    for (key in obj1) {","      if (!__hasProp.call(obj1, key)) continue;","      value1 = obj1[key];","      if (!(key in obj2)) continue;","      score += 20;","      value2 = obj2[key];","      _ref = diffWithScore(value1, value2), subscore = _ref[0], change = _ref[1];","      if (change) result[key] = change;","      score += Math.min(20, Math.max(-10, subscore / 5));","    }","    if (Object.keys(result).length === 0) {","      _ref1 = [100 * Object.keys(obj1).length, void 0], score = _ref1[0], result = _ref1[1];","    } else {","      score = Math.max(0, score);","    }","    return [score, result];","  };","","  findMatchingObject = function(item, fuzzyOriginals) {","    var bestMatch, candidate, key, score;","    bestMatch = null;","    for (key in fuzzyOriginals) {","      if (!__hasProp.call(fuzzyOriginals, key)) continue;","      candidate = fuzzyOriginals[key];","      if (key !== '__next') {","        if (extendedTypeOf(item) === extendedTypeOf(candidate)) {","          score = diffScore(item, candidate);","          if (!bestMatch || score > bestMatch.score) {","            bestMatch = {","              score: score,","              key: key","            };","          }","        }","      }","    }","    return bestMatch;","  };","","  scalarize = function(array, originals, fuzzyOriginals) {","    var bestMatch, item, proxy, _i, _len, _results;","    _results = [];","    for (_i = 0, _len = array.length; _i < _len; _i++) {","      item = array[_i];","      if (isScalar(item)) {","        _results.push(item);","      } else if (fuzzyOriginals && (bestMatch = findMatchingObject(item, fuzzyOriginals)) && bestMatch.score > 40) {","        originals[bestMatch.key] = item;","        _results.push(bestMatch.key);","      } else {","        proxy = \"__$!SCALAR\" + originals.__next++;","        originals[proxy] = item;","        _results.push(proxy);","      }","    }","    return _results;","  };","","  isScalarized = function(item, originals) {","    return (typeof item === 'string') && (item in originals);","  };","","  descalarize = function(item, originals) {","    if (isScalarized(item, originals)) {","      return originals[item];","    } else {","      return item;","    }","  };","","  arrayDiff = function(obj1, obj2, stats) {","    var allEqual, change, i, i1, i2, item, item1, item2, j, j1, j2, op, opcodes, originals1, originals2, result, score, seq1, seq2, _i, _j, _k, _l, _len, _m, _n, _ref;","    originals1 = {","      __next: 1","    };","    seq1 = scalarize(obj1, originals1);","    originals2 = {","      __next: originals1.__next","    };","    seq2 = scalarize(obj2, originals2, originals1);","    opcodes = new SequenceMatcher(null, seq1, seq2).getOpcodes();","    result = [];","    score = 0;","    allEqual = true;","    for (_i = 0, _len = opcodes.length; _i < _len; _i++) {","      _ref = opcodes[_i], op = _ref[0], i1 = _ref[1], i2 = _ref[2], j1 = _ref[3], j2 = _ref[4];","      if (op !== 'equal') allEqual = false;","      switch (op) {","        case 'equal':","          for (i = _j = i1; i1 <= i2 ? _j < i2 : _j > i2; i = i1 <= i2 ? ++_j : --_j) {","            item = seq1[i];","            if (isScalarized(item, originals1)) {","              if (!isScalarized(item, originals2)) {","                throw new AssertionError(\"internal bug: isScalarized(item, originals1) != isScalarized(item, originals2) for item \" + (JSON.stringify(item)));","              }","              item1 = descalarize(item, originals1);","              item2 = descalarize(item, originals2);","              change = diff(item1, item2);","              if (change) {","                result.push(['~', change]);","                allEqual = false;","              } else {","                result.push([' ']);","              }","            } else {","              result.push([' ', item]);","            }","            score += 10;","          }","          break;","        case 'delete':","          for (i = _k = i1; i1 <= i2 ? _k < i2 : _k > i2; i = i1 <= i2 ? ++_k : --_k) {","            result.push(['-', descalarize(seq1[i], originals1)]);","            score -= 5;","          }","          break;","        case 'insert':","          for (j = _l = j1; j1 <= j2 ? _l < j2 : _l > j2; j = j1 <= j2 ? ++_l : --_l) {","            result.push(['+', descalarize(seq2[j], originals2)]);","            score -= 5;","          }","          break;","        case 'replace':","          for (i = _m = i1; i1 <= i2 ? _m < i2 : _m > i2; i = i1 <= i2 ? ++_m : --_m) {","            result.push(['-', descalarize(seq1[i], originals1)]);","            score -= 5;","          }","          for (j = _n = j1; j1 <= j2 ? _n < j2 : _n > j2; j = j1 <= j2 ? ++_n : --_n) {","            result.push(['+', descalarize(seq2[j], originals2)]);","            score -= 5;","          }","      }","    }","    if (allEqual || (opcodes.length === 0)) {","      result = void 0;","      score = 100;","    } else {","      score = Math.max(0, score);","    }","    return [score, result];","  };","","  diffWithScore = function(obj1, obj2) {","    var type1, type2;","    type1 = extendedTypeOf(obj1);","    type2 = extendedTypeOf(obj2);","    if (type1 === type2) {","      switch (type1) {","        case 'object':","          return objectDiff(obj1, obj2);","        case 'array':","          return arrayDiff(obj1, obj2);","      }","    }","    if (obj1 !== obj2) {","      return [","        0, {","          __old: obj1,","          __new: obj2","        }","      ];","    } else {","      return [100, void 0];","    }","  };","","  diff = function(obj1, obj2) {","    var change, score, _ref;","    _ref = diffWithScore(obj1, obj2), score = _ref[0], change = _ref[1];","    return change;","  };","","  diffScore = function(obj1, obj2) {","    var change, score, _ref;","    _ref = diffWithScore(obj1, obj2), score = _ref[0], change = _ref[1];","    return score;","  };","","  diffString = function(obj1, obj2, options) {","    return colorize(diff(obj1, obj2), options);","  };","","  module.exports = {","    diff: diff,","    diffString: diffString","  };","","}).call(this);",""],"l":{"2":1,"3":1,"6":1,"8":1,"10":1,"12":1,"13":0,"16":1,"17":0,"18":0,"19":0,"20":0,"21":0,"22":0,"23":0,"24":0,"25":0,"26":0,"27":0,"29":0,"30":0,"31":0,"32":0,"33":0,"34":0,"36":0,"37":0,"38":0,"39":0,"40":0,"41":0,"42":0,"43":0,"44":0,"46":0,"47":0,"49":0,"51":0,"54":1,"55":0,"56":0,"57":0,"58":0,"59":0,"60":0,"61":0,"62":0,"63":0,"64":0,"72":0,"75":1,"76":0,"77":0,"78":0,"79":0,"80":0,"81":0,"82":0,"83":0,"84":0,"86":0,"87":0,"88":0,"91":0,"94":1,"95":0,"98":1,"99":0,"100":0,"102":0,"106":1,"107":0,"108":0,"111":0,"112":0,"115":0,"116":0,"117":0,"118":0,"119":0,"120":0,"121":0,"122":0,"123":0,"125":0,"126":0,"127":0,"128":0,"129":0,"131":0,"132":0,"133":0,"134":0,"135":0,"136":0,"138":0,"141":0,"143":0,"145":0,"147":0,"148":0,"149":0,"151":0,"153":0,"154":0,"155":0,"157":0,"159":0,"160":0,"161":0,"163":0,"164":0,"165":0,"169":0,"170":0,"171":0,"173":0,"175":0,"178":1,"179":0,"180":0,"181":0,"182":0,"183":0,"185":0,"187":0,"190":0,"191":0,"198":0,"202":1,"203":0,"204":0,"205":0,"208":1,"209":0,"210":0,"211":0,"214":1,"215":0,"218":1}},"/home/travis/build/npmtest/node-npmtest-json-diff/node_modules/json-diff/lib/util.js":{"path":"/home/travis/build/npmtest/node-npmtest-json-diff/node_modules/json-diff/lib/util.js","s":{"1":1,"2":1,"3":1,"4":0,"5":0,"6":0,"7":0,"8":0,"9":0,"10":0,"11":1},"b":{"1":[0,0],"2":[0,0],"3":[0,0]},"f":{"1":1,"2":0},"fnMap":{"1":{"name":"(anonymous_1)","line":2,"loc":{"start":{"line":2,"column":1},"end":{"line":2,"column":12}}},"2":{"name":"(anonymous_2)","line":5,"loc":{"start":{"line":5,"column":19},"end":{"line":5,"column":33}}}},"statementMap":{"1":{"start":{"line":2,"column":0},"end":{"line":21,"column":14}},"2":{"start":{"line":3,"column":2},"end":{"line":3,"column":21}},"3":{"start":{"line":5,"column":2},"end":{"line":15,"column":4}},"4":{"start":{"line":6,"column":4},"end":{"line":6,"column":15}},"5":{"start":{"line":7,"column":4},"end":{"line":7,"column":24}},"6":{"start":{"line":8,"column":4},"end":{"line":14,"column":5}},"7":{"start":{"line":9,"column":6},"end":{"line":9,"column":20}},"8":{"start":{"line":10,"column":11},"end":{"line":14,"column":5}},"9":{"start":{"line":11,"column":6},"end":{"line":11,"column":21}},"10":{"start":{"line":13,"column":6},"end":{"line":13,"column":20}},"11":{"start":{"line"
[...]
":43},"end":{"line":96,"column":47}},{"start":{"line":96,"column":50},"end":{"line":96,"column":54}}]},"21":{"line":97,"type":"cond-expr","locations":[{"start":{"line":97,"column":104},"end":{"line":97,"column":109}},{"start":{"line":97,"column":112},"end":{"line":97,"column":124}}]},"22":{"line":97,"type":"cond-expr","locations":[{"start":{"line":97,"column":71},"end":{"line":97,"column":83}},{"start":{"line":97,"column":86},"end":{"line":97,"column":92}}]}},"code":["// Generated by IcedCoffeeScript 1.3.3f","(function() {","  var Theme, color, colorize, colorizeToArray, colorizeToCallback, extendedTypeOf, subcolorizeToCallback,","    __hasProp = {}.hasOwnProperty;","","  color = require('cli-color');","","  extendedTypeOf = require('./util').extendedTypeOf;","","  Theme = {","    ' ': function(s) {","      return s;","    },","    '+': color.green,","    '-': color.red","  };","","  subcolorizeToCallback = function(key, diff, output, color, indent) {","    var item, looksLikeDiff, m, op, prefix, subindent, subkey, subvalue, _i, _j, _k, _len, _len1, _len2, _ref, _ref1;","    prefix = key ? \"\" + key + \": \" : '';","    subindent = indent + '  ';","    switch (extendedTypeOf(diff)) {","      case 'object':","        if (('__old' in diff) && ('__new' in diff) && (Object.keys(diff).length === 2)) {","          subcolorizeToCallback(key, diff.__old, output, '-', indent);","          return subcolorizeToCallback(key, diff.__new, output, '+', indent);","        } else {","          output(color, \"\" + indent + prefix + \"{\");","          for (subkey in diff) {","            if (!__hasProp.call(diff, subkey)) continue;","            subvalue = diff[subkey];","            if (m = subkey.match(/^(.*)__deleted$/)) {","              subcolorizeToCallback(m[1], subvalue, output, '-', subindent);","            } else if (m = subkey.match(/^(.*)__added$/)) {","              subcolorizeToCallback(m[1], subvalue, output, '+', subindent);","            } else {","              subcolorizeToCallback(subkey, subvalue, output, color, subindent);","            }","          }","          return output(color, \"\" + indent + \"}\");","        }","        break;","      case 'array':","        output(color, \"\" + indent + prefix + \"[\");","        looksLikeDiff = true;","        for (_i = 0, _len = diff.length; _i < _len; _i++) {","          item = diff[_i];","          if ((extendedTypeOf(item) !== 'array') || !((item.length === 2) || ((item.length === 1) && (item[0] === ' '))) || !(typeof item[0] === 'string') || item[0].length !== 1 || !((_ref = item[0]) === ' ' || _ref === '-' || _ref === '+' || _ref === '~')) {","            looksLikeDiff = false;","          }","        }","        if (looksLikeDiff) {","          for (_j = 0, _len1 = diff.length; _j < _len1; _j++) {","            _ref1 = diff[_j], op = _ref1[0], subvalue = _ref1[1];","            if (op === ' ' && !(subvalue != null)) {","              output(' ', subindent + '...');","            } else {","              if (op !== ' ' && op !== '~' && op !== '+' && op !== '-') {","                throw new Error(\"Unexpected op '\" + op + \"' in \" + (JSON.stringify(diff, null, 2)));","              }","              if (op === '~') op = ' ';","              subcolorizeToCallback('', subvalue, output, op, subindent);","            }","          }","        } else {","          for (_k = 0, _len2 = diff.length; _k < _len2; _k++) {","            subvalue = diff[_k];","            subcolorizeToCallback('', subvalue, output, color, subindent);","          }","        }","        return output(color, \"\" + indent + \"]\");","      default:","        return output(color, indent + prefix + JSON.stringify(diff));","    }","  };","","  colorizeToCallback = function(diff, output) {","    return subcolorizeToCallback('', diff, output, ' ', '');","  };","","  colorizeToArray = function(diff) {","    var output;","    output = [];","    colorizeToCallback(diff, function(color, line) {","      return output.push(\"\" + color + line);","    });","    return output;","  };","","  colorize = function(diff, options) {","    var output;","    if (options == null) options = {};","    output = [];","    colorizeToCallback(diff, function(color, line) {","      var _ref, _ref1, _ref2;","      if ((_ref = options.color) != null ? _ref : true) {","        return output.push(((_ref1 = (_ref2 = options.theme) != null ? _ref2[color] : void 0) != null ? _ref1 : Theme[color])(\"\" + color + line) + \"\\n\");","      } else {","        return output.push(\"\" + color + line + \"\\n\");","      }","    });","    return output.join('');","  };","","  module.exports = {","    colorize: colorize,","    colorizeToArray: colorizeToArray,","    colorizeToCallback: colorizeToCallback","  };","","}).call(this);",""],"l":{"2":1,"3":1,"6":1,"8":1,"10":1,"12":0,"18":1,"19":0,"20":0,"21":0,"22":0,"24":0,"25":0,"26":0,"28":0,"29":0,"30":0,"31":0,"32":0,"33":0,"34":0,"35":0,"37":0,"40":0,"42":0,"44":0,"45":0,"46":0,"47":0,"48":0,"49":0,"52":0,"53":0,"54":0,"55":0,"56":0,"58":0,"59":0,"61":0,"62":0,"66":0,"67":0,"68":0,"71":0,"73":0,"77":1,"78":0,"81":1,"82":0,"83":0,"84":0,"85":0,"87":0,"90":1,"91":0,"92":0,"93":0,"94":0,"95":0,"96":0,"97":0,"99":0,"102":0,"105":1}},"/home/travis/build/npmtest/node-npmtest-json-diff/node_modules/json-diff/bin/json-diff.js":{"path":"/home/travis/build/npmtest/node-npmtest-json-diff/node_modules/json-diff/bin/json-diff.js","s":{"1":2},"b":{},"f":{},"fnMap":{},"statementMap":{"1":{"start":{"line":2,"column":0},"end":{"line":2,"column":45}}},"branchMap":{},"code":["//#!/usr/bin/env node","require('../lib/cli')(process.argv.slice(2));",""],"l":{"2":2}},"/home/travis/build/npmtest/node-npmtest-json-diff/node_modules/json-diff/lib/cli.js":{"path":"/home/travis/build/npmtest/node-npmtest-json-diff/node_modules/json-diff/lib/cli.js","s":{"1":1,"2":1,"3":1,"4":1,"5":0,"6":0,"7":0,"8":1,"9":0,"10":0,"11":1,"12":0,"13":0,"14":0,"15":0,"16":0,"17":0,"18":0,"19":0,"20":0,"21":1,"22":2,"23":1,"24":1,"25":1,"26":1,"27":1,"28":1,"29":2,"30":2,"31":2,"32":2,"33":0,"34":0,"35":0,"36":0,"37":0,"38":0,"39":0,"40":0,"41":0,"42":0,"43":0,"44":0,"45":0,"46":0,"47":0,"48":0,"49":0,"50":0,"51":0,"52":0,"53":0,"54":0,"55":0,"56":0,"57":0,"58":0,"59":0,"60":0,"61":0,"62":0,"63":0,"64":0,"65":0,"66":0,"67":0,"68":0,"69":0,"70":0},"b":{"1":[0,0],"2":[0,0],"3":[0,0],"4":[0,0],"5":[0,0],"6":[0,0],"7":[0,0],"8":[0,0],"9":[0,0],"10":[0,0],"11":[0,0],"12":[0,0],"13":[0,0],"14":[0,0],"15":[0,0]},"f":{"1":1,"2":1,"3":0,"4":0,"5":0,"6":0,"7":2,"8":0,"9":2,"10":0,"11":0,"12":0,"13":0,"14":0,"15":0},"fnMap":{"1":{"name":"(anonymous_1)","line":2,"loc":{"start":{"line":2,"column":1},"end":{"line":2,"column":12}}},"2":{"name":"(anonymous_2)","line":7,"loc":{"start":{"line":7,"column":16},"end":{"line":7,"column":27}}},"3":{"name":"_Class","line":9,"loc":{"start":{"line":9,"column":6},"end":{"line":9,"column":28}}},"4":{"name":"(anonymous_4)","line":15,"loc":{"start":{"line":15,"column":34},"end":{"line":15,"column":45}}},"5":{"name":"(anonymous_5)","line":19,"loc":{"start":{"line":19,"column":31},"end":{"line":19,"column":54}}},"6":{"name":"(anonymous_6)","line":22,"loc":{"start":{"line":22,"column":15},"end":{"line":22,"column":26}}},"7":{"name":"(anonymous_7)","line":37,"loc":{"start":{"line":37,"column":18},"end":{"line":37,"column":29}}},"8":{"name":"(anonymous_8)","line":41,"loc":{"start":{"line":41,"column":29},"end":{"line":41,"column":40}}},"9":{"name":"(anonymous_9)","line":51,"loc":{"start":{"line":51,"column":19},"end":{"line":51,"column":34}}},"10":{"name":"(anonymous_10)","line":61,"loc":{"start":{"line":61,"column":5},"end":{"line":61,"column":24}}},"11":{"name":"(anonymous_11)","line":68,"loc":{"start":{"line":68,"column":20},"end":{"line":68,"column":31}}},"12":{"name":"(anonymous_12)","line":69,"loc":{"start":{"line":69,"column":17},"end":{"line":69,"column":28}}},"13":{"name":"(anonymous_13)","line":77,"loc":{"start":{"line":77,"column":20},"end":{"line":77,"column":31}}},"14":{"name":"(anonymous_14)","line":78,"loc":{"start":{"line":78,"column":17},"end":{"line":78,"column":28}}},"15":{"name":"(anonymous_15)","line":86,"loc":{"start":{"line":86,"column":7},"end":{"line":86,"column":18}}}},"statementMap":{"1":{"start":{"line":2,"column":0},"end":{"line":111,"column":14}},"2":{"start":{"line":3,"column":2},"end":{"line":4,"column":23}},"3":{"start":{"line":6,"column":2},"end":{"line":40,"column":4}},"4":{"start":{"line":9,"column":6},"end":{"line":13,"column":7}},"5":{"start":{"line":10,"column":8},"end":{"line":10,"column":33}},"6":{"start":{"line":11,"column":8},"end":{"line":11,"column":23}},"7":{"start":{"line":12,"column":8},"end":{"line":12,"column":24}},"8":{"start":{"line":15,"column":6},"end":{"line":17,"column":8}},"9":{"start":{"line":16,"column":8},"end":{"line":16,"column":62}},"10":{"start":{"line":16,"column":27},"end":{"line":16,"column":62}},"11":{"start":{"line":19,"column":6},"end":{"line":32,"column":8}},"12":{"start":{"line":20,"column":8},"end":{"line":20,"column":25}},"13":{"start":{"line":21,"column":8},"end":{"line":21,"column":21}},"14":{"start":{"line":22,"column":8},"end":{"line":31,"column":10}},"15":{"start":{"line":23,"column":10},"end":{"line":23,"column":33}},"16":{"start":{"line":24,"column":10},"end":{"line":24,"column":81}},"17":{"start":{"line":25,"column":10},"end":{"line":29,"column":11}},"18":{"start":{"line":26,"column":12},"end":{"line":28,"column":13}},"19":{"start":{"line":27,"column":14},"end":{"line":27,"column":45}},"20":{"start":{"line":30,"column":10},"end":{"line":30,"column":34}},"21":{"start":{"line":34,"column":6},"end":{"line":34,"column":20}},"22":{"start":{"line":38,"column":6},"end":{"line":38,"column":18}},"23":{"start":{"line":41,"column":2},"end":{"line":41,"column":43}},"24":{"start":{"line":43,"column":2},"end":{"line":43,"column":21}},"25":{"start":{"line":45,"column":2},"end":{"line":45,"column":23}},"26":{"start":{"line":47,"column":2},"end":{"line":47,"column":33}},"27":{"start":{"line":49,"column":2},"end":{"line":49,"column":44}},"28":{"start":{"line":51,"column":2},"end":{"line":109,"column":4}},"29":{"start":{"line":52,"column":4},"end":{"line":53,"column":19}},"30":{"start":{"line":54,"column":4},"end":{"line":54,"column":29}},"31":{"start":{"line":55,"column":4},"end":{"line":55,"column":59}},"32":{"start":{"line":56,"column":4},"end":{"line":56,"column":417}},"33":{"start":{"line":57,"column":4},"end":{"line":59,"column":5}},"34":{"start":{"line":58,"column":6},"end":{"line":58,"column":75}},"35":{"start":{"line":60,"column":4},"end":{"line":60,"column":68}},"36":{"start":{"line":60,"column":25},"end":{"line":60,"column":68}},"37":{"start":{"line":61,"column":4},"end":{"line":108,"column":7}},"38":{"start":{"line":62,"column":6},"end":{"line":66,"column":9}},"39":{"start":{"line":67,"column":6},"end":{"line":75,"column":10}},"40":{"start":{"line":69,"column":10},"end":{"line":72,"column":12}},"41":{"start":{"line":70,"column":12},"end":{"line":70,"column":32}},"42":{"start":{"line":71,"column":12},"end":{"line":71,"column":40}},"43":{"start":{"line":76,"column":6},"end":{"line":84,"column":10}},"44":{"start":{"line":78,"column":10},"end":{"line":81,"column":12}},"45":{"start":{"line":79,"column":12},"end":{"line":79,"column":32}},"46":{"start":{"line":80,"column":12},"end":{"line":80,"column":40}},"47":{"start":{"line":85,"column":6},"end":{"line":85,"column":34}},"48":{"start":{"line":87,"column":6},"end":{"line":87,"column":15}},"49":{"start":{"line":88,"column":6},"end":{"line":88,"column":27}},"50":{"start":{"line":88,"column":16},"end":{"line":88,"column":27}},"51":{"start":{"line":89,"column":6},"end":{"line":89,"column":27}},"52":{"start":{"line":89,"column":16},"end":{"line":89,"column":27}},"53":{"start":{"line":90,"column":6},"end":{"line":90,"column":73}},"54":{"start":{"line":90,"column":27},"end":{"line":90,"column":73}},"55":{"start":{"line":91,"column":6},"end":{"line":91,"column":32}},"56":{"start":{"line":92,"column":6},"end":{"line":92,"column":73}},"57":{"start":{"line":92,"column":27},"end":{"line":92,"column":73}},"58":{"start":{"line":93,"column":6},"end":{"line":93,"column":32}},"59":{"start":{"line":94,"column":6},"end":{"line":94,"column":69}},"60":{"start":{"line":94,"column":27},"end":{"line":94,"column":69}},"61":{"start":{"line":95,"column":6},"end":{"line":95,"column":34}},"62":{"start":{"line":96,"column":6},"end":{"line":98,"column":7}},"63":{"start":{"line":97,"column":8},"end":{"line":97,"column":54}},"64":{"start":{"line":99,"column":6},"end":{"line":107,"column":7}},"65":{"start":{"line":100,"column":8},"end":{"line":100,"column":82}},"66":{"start":{"line":100,"column":29},"end":{"line":100,"column":82}},"67":{"start":{"line":101,"column":8},"end":{"line":101,"column":69}},"68":{"start":{"line":103,"column":8},"end":{"line":103,"column":83}},"69":{"start":{"line":103,"column":29},"end":{"line":103,"column":83}},"70":{"start":{"line":104,"column":8},"end":{"line":106,"column":12}}},"branchMap":{"1":{"line":16,"type":"if","locations":[{"start":{"line":16,"column":8},"end":{"line":16,"column":8}},{"start":{"line":16,"column":8},"end":{"line":16,"column":8}}]},"2":{"line":24,"type":"cond-expr","locations":[{"start":{"line":24,"column":49},"end":{"line":24,"column":75}},{"start":{"line":24,"column":78},"end":{"line":24,"column":80}}]},"3":{"line":25,"type":"if","locations":[{"start":{"line":25,"column":10},"end":{"line":25,"column":10}},{"start":{"line":25,"column":10},"end":{"line":25,"column":10}}]},"4":{"line":26,"type":"if","locations":[{"start":{"line":26,"column":12},"end":{"line":26,"column":12}},{"start":{"line":26,"column":12},"end":{"line":26,"column":12}}]},"5":{"line":57,"type":"if","locations":[{"start":{"line":57,"column":4},"end":{"line":57,"column":4}},{"start":{"line":57,"column":4},"end":{"line":57,"column":4}}]},"6":{"line":60,"type":"if","locations":[{"start":{"line":60,"column":4},"end":{"line":60,"column":4}},{"start":{"line":60,"column":4},"end":{"line":60,"column":4}}]},"7":{"line":88,"type":"if","locations":[{"start":{"line":88,"column":6},"end":{"line":88,"column":6}},{"start":{"line":88,"column":6},"end":{"line":88,"column":6}}]},"8":{"line":89,"type":"if","locations":[{"start":{"line":89,"column":6},"end":{"line":89,"column":6}},{"start":{"line":89,"column":6},"end":{"line":89,"column":6}}]},"9":{"line":90,"type":"if","locations":[{"start":{"line":90,"column":6},"end":{"line":90,"column":6}},{"start":{"line":90,"column":6},"end":{"line":90,"column":6}}]},"10":{"line":92,"type":"if","locations":[{"start":{"line":92,"column":6},"end":{"line":92,"column":6}},{"start":{"line":92,"column":6},"end":{"line":92,"column":6}}]},"11":{"line":94,"type":"if","locations":[{"start":{"line":94,"column":6},"end":{"line":94,"column":6}},{"start":{"line":94,"column":6},"end":{"line":94,"column":6}}]},"12":{"line":96,"type":"if","locations":[{"start":{"line":96,"column":6},"end":{"line":96,"column":6}},{"start":{"line":96,"column":6},"end":{"line":96,"column":6}}]},"13":{"line":99,"type":"if","locations":[{"start":{"line":99,"column":6},"end":{"line":99,"column":6}},{"start":{"line":99,"column":6},"end":{"line":99,"column":6}}]},"14":{"line":100,"type":"if","locations":[{"start":{"line":100,"column":8},"end":{"line":100,"column":8}},{"start":{"line":100,"column":8},"end":{"line":100,"column":8}}]},"15":{"line":103,"type":"if","locations":[{"start":{"line":103,"column":8},"end":{"line":103,"column":8}},{"start":{"line":103,"column":8},"end":{"line":103,"column":8}}]}},"code":["// Generated by IcedCoffeeScript 1.3.3f","(function() {","  var colorize, diff, fs, iced, tty, __iced_k, __iced_k_noop,","    __slice = [].slice;","","  iced = {","    Deferrals: (function() {","","      function _Class(_arg) {","        this.continuation = _arg;","        this.count = 1;","        this.ret = null;","      }","","      _Class.prototype._fulfill = function() {","        if (!--this.count) return this.continuation(this.ret);","      };","","      _Class.prototype.defer = function(defer_params) {","        var _this = this;","        ++this.count;","        return function() {","          var inner_params, _ref;","          inner_params = 1 <= arguments.length ? __slice.call(arguments, 0) : [];","          if (defer_params != null) {","            if ((_ref = defer_params.assign_fn) != null) {","              _ref.apply(null, inner_params);","            }","          }","          return _this._fulfill();","        };","      };","","      return _Class;","","    })(),","    findDeferral: function() {","      return null;","    }","  };","  __iced_k = __iced_k_noop = function() {};","","  fs = require('fs');","","  tty = require('tty');","","  diff = require('./index').diff;","","  colorize = require('./colorize').colorize;","","  module.exports = function(argv) {","    var data1, data2, err1, err2, json1, json2, options, result, ___iced_passed_deferral, __iced_deferrals, __iced_k,","      _this = this;","    __iced_k = __iced_k_noop;","    ___iced_passed_deferral = iced.findDeferral(arguments);","    options = require('dreamopt')([\"Usage: json-diff [-vjC] first.json second.json\", \"Arguments:\", \"  first.json              Old file #var(file1) #required\", \"  second.json             New file #var(file2) #required\", \"General options:\", \"  -v, --verbose           Output progress info\", \"  -C, --[no-]color        Colored output\", \"  -j, --raw-json          Display raw JSON encoding of the diff #var(raw)\"], argv);","    if (options.verbose) {","      process.stderr.write(\"\" + (JSON.stringify(options, null, 2)) + \"\\n\");","    }","    if (options.verbose) process.stderr.write(\"Loading files...\\n\");","    (function(__iced_k) {","      __iced_deferrals = new iced.Deferrals(__iced_k, {","        parent: ___iced_passed_deferral,","        filename: \"lib/cli.iced\",","        funcname: \"exports\"","      });","      fs.readFile(options.file1, 'utf8', __iced_deferrals.defer({","        assign_fn: (function() {","          return function() {","            err1 = arguments[0];","            return data1 = arguments[1];","          };","        })(),","        lineno: 24","      }));","      fs.readFile(options.file2, 'utf8', __iced_deferrals.defer({","        assign_fn: (function() {","          return function() {","            err2 = arguments[0];","            return data2 = arguments[1];","          };","        })(),","        lineno: 25","      }));","      __iced_deferrals._fulfill();","    })(function() {","      var _ref;","      if (err1) throw err1;","      if (err2) throw err2;","      if (options.verbose) process.stderr.write(\"Parsing old file...\\n\");","      json1 = JSON.parse(data1);","      if (options.verbose) process.stderr.write(\"Parsing new file...\\n\");","      json2 = JSON.parse(data2);","      if (options.verbose) process.stderr.write(\"Running diff...\\n\");","      result = diff(json1, json2);","      if ((_ref = options.color) == null) {","        options.color = tty.isatty(process.stdout.fd);","      }","      if (options.raw) {","        if (options.verbose) process.stderr.write(\"Serializing JSON output...\\n\");","        return process.stdout.write(JSON.stringify(result, null, 2));","      } else {","        if (options.verbose) process.stderr.write(\"Producing colored output...\\n\");","        return process.stdout.write(colorize(result, {","          color: options.color","        }));","      }","    });","  };","","}).call(this);",""],"l":{"2":1,"3":1,"6":1,"9":1,"10":0,"11":0,"12":0,"15":1,"16":0,"19":1,"20":0,"21":0,"22":0,"23":0,"24":0,"25":0,"26":0,"27":0,"30":0,"34":1,"38":2,"41":1,"43":1,"45":1,"47":1,"49":1,"51":1,"52":2,"54":2,"55":2,"56":2,"57":0,"58":0,"60":0,"61":0,"62":0,"67":0,"69":0,"70":0,"71":0,"76":0,"78":0,"79":0,"80":0,"85":0,"87":0,"88":0,"89":0,"90":0,"91":0,"92":0,"93":0,"94":0,"95":0,"96":0,"97":0,"99":0,"100":0,"101":0,"103":0,"104":0}}}